[2022-05-30 15:57:04] local.ERROR: Please provide a valid cache path. {"exception":"[object] (InvalidArgumentException(code: 0): Please provide a valid cache path. at C:\\Users\\marzio\\Desktop\\BOOLEAN GITHUB\\laravel-api\\vendor\\laravel\\framework\\src\\Illuminate\\View\\Compilers\\Compiler.php:36)
[stacktrace]
#0 C:\\Users\\marzio\\Desktop\\BOOLEAN GITHUB\\laravel-api\\vendor\\laravel\\framework\\src\\Illuminate\\View\\ViewServiceProvider.php(91): Illuminate\\View\\Compilers\\Compiler->__construct()
#1 C:\\Users\\marzio\\Desktop\\BOOLEAN GITHUB\\laravel-api\\vendor\\laravel\\framework\\src\\Illuminate\\Container\\Container.php(805): Illuminate\\View\\ViewServiceProvider->Illuminate\\View\\{closure}()
#2 C:\\Users\\marzio\\Desktop\\BOOLEAN GITHUB\\laravel-api\\vendor\\laravel\\framework\\src\\Illuminate\\Container\\Container.php(691): Illuminate\\Container\\Container->build()
#3 C:\\Users\\marzio\\Desktop\\BOOLEAN GITHUB\\laravel-api\\vendor\\laravel\\framework\\src\\Illuminate\\Foundation\\Application.php(796): Illuminate\\Container\\Container->resolve()
#4 C:\\Users\\marzio\\Desktop\\BOOLEAN GITHUB\\laravel-api\\vendor\\laravel\\framework\\src\\Illuminate\\Container\\Container.php(637): Illuminate\\Foundation\\Application->resolve()
#5 C:\\Users\\marzio\\Desktop\\BOOLEAN GITHUB\\laravel-api\\vendor\\laravel\\framework\\src\\Illuminate\\Foundation\\Application.php(781): Illuminate\\Container\\Container->make()
#6 C:\\Users\\marzio\\Desktop\\BOOLEAN GITHUB\\laravel-api\\vendor\\laravel\\framework\\src\\Illuminate\\Container\\Container.php(1283): Illuminate\\Foundation\\Application->make()
#7 C:\\Users\\marzio\\Desktop\\BOOLEAN GITHUB\\laravel-api\\vendor\\laravel\\framework\\src\\Illuminate\\View\\ViewServiceProvider.php(151): Illuminate\\Container\\Container->offsetGet()
#8 [internal function]: Illuminate\\View\\ViewServiceProvider->Illuminate\\View\\{closure}()
#9 C:\\Users\\marzio\\Desktop\\BOOLEAN GITHUB\\laravel-api\\vendor\\laravel\\framework\\src\\Illuminate\\View\\Engines\\EngineResolver.php(55): call_user_func()
#10 C:\\Users\\marzio\\Desktop\\BOOLEAN GITHUB\\laravel-api\\vendor\\facade\\ignition\\src\\IgnitionServiceProvider.php(467): Illuminate\\View\\Engines\\EngineResolver->resolve()
#11 C:\\Users\\marzio\\Desktop\\BOOLEAN GITHUB\\laravel-api\\vendor\\facade\\ignition\\src\\IgnitionServiceProvider.php(158): Facade\\Ignition\\IgnitionServiceProvider->hasCustomViewEnginesRegistered()
#12 C:\\Users\\marzio\\Desktop\\BOOLEAN GITHUB\\laravel-api\\vendor\\facade\\ignition\\src\\IgnitionServiceProvider.php(101): Facade\\Ignition\\IgnitionServiceProvider->registerViewEngines()
#13 C:\\Users\\marzio\\Desktop\\BOOLEAN GITHUB\\laravel-api\\vendor\\laravel\\framework\\src\\Illuminate\\Container\\BoundMethod.php(36): Facade\\Ignition\\IgnitionServiceProvider->boot()
#14 C:\\Users\\marzio\\Desktop\\BOOLEAN GITHUB\\laravel-api\\vendor\\laravel\\framework\\src\\Illuminate\\Container\\Util.php(37): Illuminate\\Container\\BoundMethod::Illuminate\\Container\\{closure}()
#15 C:\\Users\\marzio\\Desktop\\BOOLEAN GITHUB\\laravel-api\\vendor\\laravel\\framework\\src\\Illuminate\\Container\\BoundMethod.php(93): Illuminate\\Container\\Util::unwrapIfClosure()
#16 C:\\Users\\marzio\\Desktop\\BOOLEAN GITHUB\\laravel-api\\vendor\\laravel\\framework\\src\\Illuminate\\Container\\BoundMethod.php(37): Illuminate\\Container\\BoundMethod::callBoundMethod()
#17 C:\\Users\\marzio\\Desktop\\BOOLEAN GITHUB\\laravel-api\\vendor\\laravel\\framework\\src\\Illuminate\\Container\\Container.php(596): Illuminate\\Container\\BoundMethod::call()
#18 C:\\Users\\marzio\\Desktop\\BOOLEAN GITHUB\\laravel-api\\vendor\\laravel\\framework\\src\\Illuminate\\Foundation\\Application.php(867): Illuminate\\Container\\Container->call()
#19 C:\\Users\\marzio\\Desktop\\BOOLEAN GITHUB\\laravel-api\\vendor\\laravel\\framework\\src\\Illuminate\\Foundation\\Application.php(850): Illuminate\\Foundation\\Application->bootProvider()
#20 [internal function]: Illuminate\\Foundation\\Application->Illuminate\\Foundation\\{closure}()
#21 C:\\Users\\marzio\\Desktop\\BOOLEAN GITHUB\\laravel-api\\vendor\\laravel\\framework\\src\\Illuminate\\Foundation\\Application.php(851): array_walk()
#22 C:\\Users\\marzio\\Desktop\\BOOLEAN GITHUB\\laravel-api\\vendor\\laravel\\framework\\src\\Illuminate\\Foundation\\Bootstrap\\BootProviders.php(17): Illuminate\\Foundation\\Application->boot()
#23 C:\\Users\\marzio\\Desktop\\BOOLEAN GITHUB\\laravel-api\\vendor\\laravel\\framework\\src\\Illuminate\\Foundation\\Application.php(230): Illuminate\\Foundation\\Bootstrap\\BootProviders->bootstrap()
#24 C:\\Users\\marzio\\Desktop\\BOOLEAN GITHUB\\laravel-api\\vendor\\laravel\\framework\\src\\Illuminate\\Foundation\\Http\\Kernel.php(151): Illuminate\\Foundation\\Application->bootstrapWith()
#25 C:\\Users\\marzio\\Desktop\\BOOLEAN GITHUB\\laravel-api\\vendor\\laravel\\framework\\src\\Illuminate\\Foundation\\Http\\Kernel.php(135): Illuminate\\Foundation\\Http\\Kernel->bootstrap()
#26 C:\\Users\\marzio\\Desktop\\BOOLEAN GITHUB\\laravel-api\\vendor\\laravel\\framework\\src\\Illuminate\\Foundation\\Http\\Kernel.php(109): Illuminate\\Foundation\\Http\\Kernel->sendRequestThroughRouter()
#27 C:\\Users\\marzio\\Desktop\\BOOLEAN GITHUB\\laravel-api\\public\\index.php(55): Illuminate\\Foundation\\Http\\Kernel->handle()
#28 C:\\Users\\marzio\\Desktop\\BOOLEAN GITHUB\\laravel-api\\server.php(21): require_once('C:\\\\Users\\\\marzio...')
#29 {main}
"} 
[2022-05-30 15:57:10] local.ERROR: Please provide a valid cache path. {"exception":"[object] (InvalidArgumentException(code: 0): Please provide a valid cache path. at C:\\Users\\marzio\\Desktop\\BOOLEAN GITHUB\\laravel-api\\vendor\\laravel\\framework\\src\\Illuminate\\View\\Compilers\\Compiler.php:36)
[stacktrace]
#0 C:\\Users\\marzio\\Desktop\\BOOLEAN GITHUB\\laravel-api\\vendor\\laravel\\framework\\src\\Illuminate\\View\\ViewServiceProvider.php(91): Illuminate\\View\\Compilers\\Compiler->__construct()
#1 C:\\Users\\marzio\\Desktop\\BOOLEAN GITHUB\\laravel-api\\vendor\\laravel\\framework\\src\\Illuminate\\Container\\Container.php(805): Illuminate\\View\\ViewServiceProvider->Illuminate\\View\\{closure}()
#2 C:\\Users\\marzio\\Desktop\\BOOLEAN GITHUB\\laravel-api\\vendor\\laravel\\framework\\src\\Illuminate\\Container\\Container.php(691): Illuminate\\Container\\Container->build()
#3 C:\\Users\\marzio\\Desktop\\BOOLEAN GITHUB\\laravel-api\\vendor\\laravel\\framework\\src\\Illuminate\\Foundation\\Application.php(796): Illuminate\\Container\\Container->resolve()
#4 C:\\Users\\marzio\\Desktop\\BOOLEAN GITHUB\\laravel-api\\vendor\\laravel\\framework\\src\\Illuminate\\Container\\Container.php(637): Illuminate\\Foundation\\Application->resolve()
#5 C:\\Users\\marzio\\Desktop\\BOOLEAN GITHUB\\laravel-api\\vendor\\laravel\\framework\\src\\Illuminate\\Foundation\\Application.php(781): Illuminate\\Container\\Container->make()
#6 C:\\Users\\marzio\\Desktop\\BOOLEAN GITHUB\\laravel-api\\vendor\\laravel\\framework\\src\\Illuminate\\Container\\Container.php(1283): Illuminate\\Foundation\\Application->make()
#7 C:\\Users\\marzio\\Desktop\\BOOLEAN GITHUB\\laravel-api\\vendor\\laravel\\framework\\src\\Illuminate\\View\\ViewServiceProvider.php(151): Illuminate\\Container\\Container->offsetGet()
#8 [internal function]: Illuminate\\View\\ViewServiceProvider->Illuminate\\View\\{closure}()
#9 C:\\Users\\marzio\\Desktop\\BOOLEAN GITHUB\\laravel-api\\vendor\\laravel\\framework\\src\\Illuminate\\View\\Engines\\EngineResolver.php(55): call_user_func()
#10 C:\\Users\\marzio\\Desktop\\BOOLEAN GITHUB\\laravel-api\\vendor\\facade\\ignition\\src\\IgnitionServiceProvider.php(467): Illuminate\\View\\Engines\\EngineResolver->resolve()
#11 C:\\Users\\marzio\\Desktop\\BOOLEAN GITHUB\\laravel-api\\vendor\\facade\\ignition\\src\\IgnitionServiceProvider.php(158): Facade\\Ignition\\IgnitionServiceProvider->hasCustomViewEnginesRegistered()
#12 C:\\Users\\marzio\\Desktop\\BOOLEAN GITHUB\\laravel-api\\vendor\\facade\\ignition\\src\\IgnitionServiceProvider.php(101): Facade\\Ignition\\IgnitionServiceProvider->registerViewEngines()
#13 C:\\Users\\marzio\\Desktop\\BOOLEAN GITHUB\\laravel-api\\vendor\\laravel\\framework\\src\\Illuminate\\Container\\BoundMethod.php(36): Facade\\Ignition\\IgnitionServiceProvider->boot()
#14 C:\\Users\\marzio\\Desktop\\BOOLEAN GITHUB\\laravel-api\\vendor\\laravel\\framework\\src\\Illuminate\\Container\\Util.php(37): Illuminate\\Container\\BoundMethod::Illuminate\\Container\\{closure}()
#15 C:\\Users\\marzio\\Desktop\\BOOLEAN GITHUB\\laravel-api\\vendor\\laravel\\framework\\src\\Illuminate\\Container\\BoundMethod.php(93): Illuminate\\Container\\Util::unwrapIfClosure()
#16 C:\\Users\\marzio\\Desktop\\BOOLEAN GITHUB\\laravel-api\\vendor\\laravel\\framework\\src\\Illuminate\\Container\\BoundMethod.php(37): Illuminate\\Container\\BoundMethod::callBoundMethod()
#17 C:\\Users\\marzio\\Desktop\\BOOLEAN GITHUB\\laravel-api\\vendor\\laravel\\framework\\src\\Illuminate\\Container\\Container.php(596): Illuminate\\Container\\BoundMethod::call()
#18 C:\\Users\\marzio\\Desktop\\BOOLEAN GITHUB\\laravel-api\\vendor\\laravel\\framework\\src\\Illuminate\\Foundation\\Application.php(867): Illuminate\\Container\\Container->call()
#19 C:\\Users\\marzio\\Desktop\\BOOLEAN GITHUB\\laravel-api\\vendor\\laravel\\framework\\src\\Illuminate\\Foundation\\Application.php(850): Illuminate\\Foundation\\Application->bootProvider()
#20 [internal function]: Illuminate\\Foundation\\Application->Illuminate\\Foundation\\{closure}()
#21 C:\\Users\\marzio\\Desktop\\BOOLEAN GITHUB\\laravel-api\\vendor\\laravel\\framework\\src\\Illuminate\\Foundation\\Application.php(851): array_walk()
#22 C:\\Users\\marzio\\Desktop\\BOOLEAN GITHUB\\laravel-api\\vendor\\laravel\\framework\\src\\Illuminate\\Foundation\\Bootstrap\\BootProviders.php(17): Illuminate\\Foundation\\Application->boot()
#23 C:\\Users\\marzio\\Desktop\\BOOLEAN GITHUB\\laravel-api\\vendor\\laravel\\framework\\src\\Illuminate\\Foundation\\Application.php(230): Illuminate\\Foundation\\Bootstrap\\BootProviders->bootstrap()
#24 C:\\Users\\marzio\\Desktop\\BOOLEAN GITHUB\\laravel-api\\vendor\\laravel\\framework\\src\\Illuminate\\Foundation\\Http\\Kernel.php(151): Illuminate\\Foundation\\Application->bootstrapWith()
#25 C:\\Users\\marzio\\Desktop\\BOOLEAN GITHUB\\laravel-api\\vendor\\laravel\\framework\\src\\Illuminate\\Foundation\\Http\\Kernel.php(135): Illuminate\\Foundation\\Http\\Kernel->bootstrap()
#26 C:\\Users\\marzio\\Desktop\\BOOLEAN GITHUB\\laravel-api\\vendor\\laravel\\framework\\src\\Illuminate\\Foundation\\Http\\Kernel.php(109): Illuminate\\Foundation\\Http\\Kernel->sendRequestThroughRouter()
#27 C:\\Users\\marzio\\Desktop\\BOOLEAN GITHUB\\laravel-api\\public\\index.php(55): Illuminate\\Foundation\\Http\\Kernel->handle()
#28 C:\\Users\\marzio\\Desktop\\BOOLEAN GITHUB\\laravel-api\\server.php(21): require_once('C:\\\\Users\\\\marzio...')
#29 {main}
"} 
[2022-05-30 15:57:15] local.ERROR: Please provide a valid cache path. {"exception":"[object] (InvalidArgumentException(code: 0): Please provide a valid cache path. at C:\\Users\\marzio\\Desktop\\BOOLEAN GITHUB\\laravel-api\\vendor\\laravel\\framework\\src\\Illuminate\\View\\Compilers\\Compiler.php:36)
[stacktrace]
#0 C:\\Users\\marzio\\Desktop\\BOOLEAN GITHUB\\laravel-api\\vendor\\laravel\\framework\\src\\Illuminate\\View\\ViewServiceProvider.php(91): Illuminate\\View\\Compilers\\Compiler->__construct()
#1 C:\\Users\\marzio\\Desktop\\BOOLEAN GITHUB\\laravel-api\\vendor\\laravel\\framework\\src\\Illuminate\\Container\\Container.php(805): Illuminate\\View\\ViewServiceProvider->Illuminate\\View\\{closure}()
#2 C:\\Users\\marzio\\Desktop\\BOOLEAN GITHUB\\laravel-api\\vendor\\laravel\\framework\\src\\Illuminate\\Container\\Container.php(691): Illuminate\\Container\\Container->build()
#3 C:\\Users\\marzio\\Desktop\\BOOLEAN GITHUB\\laravel-api\\vendor\\laravel\\framework\\src\\Illuminate\\Foundation\\Application.php(796): Illuminate\\Container\\Container->resolve()
#4 C:\\Users\\marzio\\Desktop\\BOOLEAN GITHUB\\laravel-api\\vendor\\laravel\\framework\\src\\Illuminate\\Container\\Container.php(637): Illuminate\\Foundation\\Application->resolve()
#5 C:\\Users\\marzio\\Desktop\\BOOLEAN GITHUB\\laravel-api\\vendor\\laravel\\framework\\src\\Illuminate\\Foundation\\Application.php(781): Illuminate\\Container\\Container->make()
#6 C:\\Users\\marzio\\Desktop\\BOOLEAN GITHUB\\laravel-api\\vendor\\laravel\\framework\\src\\Illuminate\\Container\\Container.php(1283): Illuminate\\Foundation\\Application->make()
#7 C:\\Users\\marzio\\Desktop\\BOOLEAN GITHUB\\laravel-api\\vendor\\laravel\\framework\\src\\Illuminate\\View\\ViewServiceProvider.php(151): Illuminate\\Container\\Container->offsetGet()
#8 [internal function]: Illuminate\\View\\ViewServiceProvider->Illuminate\\View\\{closure}()
#9 C:\\Users\\marzio\\Desktop\\BOOLEAN GITHUB\\laravel-api\\vendor\\laravel\\framework\\src\\Illuminate\\View\\Engines\\EngineResolver.php(55): call_user_func()
#10 C:\\Users\\marzio\\Desktop\\BOOLEAN GITHUB\\laravel-api\\vendor\\facade\\ignition\\src\\IgnitionServiceProvider.php(467): Illuminate\\View\\Engines\\EngineResolver->resolve()
#11 C:\\Users\\marzio\\Desktop\\BOOLEAN GITHUB\\laravel-api\\vendor\\facade\\ignition\\src\\IgnitionServiceProvider.php(158): Facade\\Ignition\\IgnitionServiceProvider->hasCustomViewEnginesRegistered()
#12 C:\\Users\\marzio\\Desktop\\BOOLEAN GITHUB\\laravel-api\\vendor\\facade\\ignition\\src\\IgnitionServiceProvider.php(101): Facade\\Ignition\\IgnitionServiceProvider->registerViewEngines()
#13 C:\\Users\\marzio\\Desktop\\BOOLEAN GITHUB\\laravel-api\\vendor\\laravel\\framework\\src\\Illuminate\\Container\\BoundMethod.php(36): Facade\\Ignition\\IgnitionServiceProvider->boot()
#14 C:\\Users\\marzio\\Desktop\\BOOLEAN GITHUB\\laravel-api\\vendor\\laravel\\framework\\src\\Illuminate\\Container\\Util.php(37): Illuminate\\Container\\BoundMethod::Illuminate\\Container\\{closure}()
#15 C:\\Users\\marzio\\Desktop\\BOOLEAN GITHUB\\laravel-api\\vendor\\laravel\\framework\\src\\Illuminate\\Container\\BoundMethod.php(93): Illuminate\\Container\\Util::unwrapIfClosure()
#16 C:\\Users\\marzio\\Desktop\\BOOLEAN GITHUB\\laravel-api\\vendor\\laravel\\framework\\src\\Illuminate\\Container\\BoundMethod.php(37): Illuminate\\Container\\BoundMethod::callBoundMethod()
#17 C:\\Users\\marzio\\Desktop\\BOOLEAN GITHUB\\laravel-api\\vendor\\laravel\\framework\\src\\Illuminate\\Container\\Container.php(596): Illuminate\\Container\\BoundMethod::call()
#18 C:\\Users\\marzio\\Desktop\\BOOLEAN GITHUB\\laravel-api\\vendor\\laravel\\framework\\src\\Illuminate\\Foundation\\Application.php(867): Illuminate\\Container\\Container->call()
#19 C:\\Users\\marzio\\Desktop\\BOOLEAN GITHUB\\laravel-api\\vendor\\laravel\\framework\\src\\Illuminate\\Foundation\\Application.php(850): Illuminate\\Foundation\\Application->bootProvider()
#20 [internal function]: Illuminate\\Foundation\\Application->Illuminate\\Foundation\\{closure}()
#21 C:\\Users\\marzio\\Desktop\\BOOLEAN GITHUB\\laravel-api\\vendor\\laravel\\framework\\src\\Illuminate\\Foundation\\Application.php(851): array_walk()
#22 C:\\Users\\marzio\\Desktop\\BOOLEAN GITHUB\\laravel-api\\vendor\\laravel\\framework\\src\\Illuminate\\Foundation\\Bootstrap\\BootProviders.php(17): Illuminate\\Foundation\\Application->boot()
#23 C:\\Users\\marzio\\Desktop\\BOOLEAN GITHUB\\laravel-api\\vendor\\laravel\\framework\\src\\Illuminate\\Foundation\\Application.php(230): Illuminate\\Foundation\\Bootstrap\\BootProviders->bootstrap()
#24 C:\\Users\\marzio\\Desktop\\BOOLEAN GITHUB\\laravel-api\\vendor\\laravel\\framework\\src\\Illuminate\\Foundation\\Http\\Kernel.php(151): Illuminate\\Foundation\\Application->bootstrapWith()
#25 C:\\Users\\marzio\\Desktop\\BOOLEAN GITHUB\\laravel-api\\vendor\\laravel\\framework\\src\\Illuminate\\Foundation\\Http\\Kernel.php(135): Illuminate\\Foundation\\Http\\Kernel->bootstrap()
#26 C:\\Users\\marzio\\Desktop\\BOOLEAN GITHUB\\laravel-api\\vendor\\laravel\\framework\\src\\Illuminate\\Foundation\\Http\\Kernel.php(109): Illuminate\\Foundation\\Http\\Kernel->sendRequestThroughRouter()
#27 C:\\Users\\marzio\\Desktop\\BOOLEAN GITHUB\\laravel-api\\public\\index.php(55): Illuminate\\Foundation\\Http\\Kernel->handle()
#28 C:\\Users\\marzio\\Desktop\\BOOLEAN GITHUB\\laravel-api\\server.php(21): require_once('C:\\\\Users\\\\marzio...')
#29 {main}
"} 
[2022-05-30 15:57:19] local.ERROR: Please provide a valid cache path. {"exception":"[object] (InvalidArgumentException(code: 0): Please provide a valid cache path. at C:\\Users\\marzio\\Desktop\\BOOLEAN GITHUB\\laravel-api\\vendor\\laravel\\framework\\src\\Illuminate\\View\\Compilers\\Compiler.php:36)
[stacktrace]
#0 C:\\Users\\marzio\\Desktop\\BOOLEAN GITHUB\\laravel-api\\vendor\\laravel\\framework\\src\\Illuminate\\View\\ViewServiceProvider.php(91): Illuminate\\View\\Compilers\\Compiler->__construct()
#1 C:\\Users\\marzio\\Desktop\\BOOLEAN GITHUB\\laravel-api\\vendor\\laravel\\framework\\src\\Illuminate\\Container\\Container.php(805): Illuminate\\View\\ViewServiceProvider->Illuminate\\View\\{closure}()
#2 C:\\Users\\marzio\\Desktop\\BOOLEAN GITHUB\\laravel-api\\vendor\\laravel\\framework\\src\\Illuminate\\Container\\Container.php(691): Illuminate\\Container\\Container->build()
#3 C:\\Users\\marzio\\Desktop\\BOOLEAN GITHUB\\laravel-api\\vendor\\laravel\\framework\\src\\Illuminate\\Foundation\\Application.php(796): Illuminate\\Container\\Container->resolve()
#4 C:\\Users\\marzio\\Desktop\\BOOLEAN GITHUB\\laravel-api\\vendor\\laravel\\framework\\src\\Illuminate\\Container\\Container.php(637): Illuminate\\Foundation\\Application->resolve()
#5 C:\\Users\\marzio\\Desktop\\BOOLEAN GITHUB\\laravel-api\\vendor\\laravel\\framework\\src\\Illuminate\\Foundation\\Application.php(781): Illuminate\\Container\\Container->make()
#6 C:\\Users\\marzio\\Desktop\\BOOLEAN GITHUB\\laravel-api\\vendor\\laravel\\framework\\src\\Illuminate\\Container\\Container.php(1283): Illuminate\\Foundation\\Application->make()
#7 C:\\Users\\marzio\\Desktop\\BOOLEAN GITHUB\\laravel-api\\vendor\\laravel\\framework\\src\\Illuminate\\View\\ViewServiceProvider.php(151): Illuminate\\Container\\Container->offsetGet()
#8 [internal function]: Illuminate\\View\\ViewServiceProvider->Illuminate\\View\\{closure}()
#9 C:\\Users\\marzio\\Desktop\\BOOLEAN GITHUB\\laravel-api\\vendor\\laravel\\framework\\src\\Illuminate\\View\\Engines\\EngineResolver.php(55): call_user_func()
#10 C:\\Users\\marzio\\Desktop\\BOOLEAN GITHUB\\laravel-api\\vendor\\facade\\ignition\\src\\IgnitionServiceProvider.php(467): Illuminate\\View\\Engines\\EngineResolver->resolve()
#11 C:\\Users\\marzio\\Desktop\\BOOLEAN GITHUB\\laravel-api\\vendor\\facade\\ignition\\src\\IgnitionServiceProvider.php(158): Facade\\Ignition\\IgnitionServiceProvider->hasCustomViewEnginesRegistered()
#12 C:\\Users\\marzio\\Desktop\\BOOLEAN GITHUB\\laravel-api\\vendor\\facade\\ignition\\src\\IgnitionServiceProvider.php(101): Facade\\Ignition\\IgnitionServiceProvider->registerViewEngines()
#13 C:\\Users\\marzio\\Desktop\\BOOLEAN GITHUB\\laravel-api\\vendor\\laravel\\framework\\src\\Illuminate\\Container\\BoundMethod.php(36): Facade\\Ignition\\IgnitionServiceProvider->boot()
#14 C:\\Users\\marzio\\Desktop\\BOOLEAN GITHUB\\laravel-api\\vendor\\laravel\\framework\\src\\Illuminate\\Container\\Util.php(37): Illuminate\\Container\\BoundMethod::Illuminate\\Container\\{closure}()
#15 C:\\Users\\marzio\\Desktop\\BOOLEAN GITHUB\\laravel-api\\vendor\\laravel\\framework\\src\\Illuminate\\Container\\BoundMethod.php(93): Illuminate\\Container\\Util::unwrapIfClosure()
#16 C:\\Users\\marzio\\Desktop\\BOOLEAN GITHUB\\laravel-api\\vendor\\laravel\\framework\\src\\Illuminate\\Container\\BoundMethod.php(37): Illuminate\\Container\\BoundMethod::callBoundMethod()
#17 C:\\Users\\marzio\\Desktop\\BOOLEAN GITHUB\\laravel-api\\vendor\\laravel\\framework\\src\\Illuminate\\Container\\Container.php(596): Illuminate\\Container\\BoundMethod::call()
#18 C:\\Users\\marzio\\Desktop\\BOOLEAN GITHUB\\laravel-api\\vendor\\laravel\\framework\\src\\Illuminate\\Foundation\\Application.php(867): Illuminate\\Container\\Container->call()
#19 C:\\Users\\marzio\\Desktop\\BOOLEAN GITHUB\\laravel-api\\vendor\\laravel\\framework\\src\\Illuminate\\Foundation\\Application.php(850): Illuminate\\Foundation\\Application->bootProvider()
#20 [internal function]: Illuminate\\Foundation\\Application->Illuminate\\Foundation\\{closure}()
#21 C:\\Users\\marzio\\Desktop\\BOOLEAN GITHUB\\laravel-api\\vendor\\laravel\\framework\\src\\Illuminate\\Foundation\\Application.php(851): array_walk()
#22 C:\\Users\\marzio\\Desktop\\BOOLEAN GITHUB\\laravel-api\\vendor\\laravel\\framework\\src\\Illuminate\\Foundation\\Bootstrap\\BootProviders.php(17): Illuminate\\Foundation\\Application->boot()
#23 C:\\Users\\marzio\\Desktop\\BOOLEAN GITHUB\\laravel-api\\vendor\\laravel\\framework\\src\\Illuminate\\Foundation\\Application.php(230): Illuminate\\Foundation\\Bootstrap\\BootProviders->bootstrap()
#24 C:\\Users\\marzio\\Desktop\\BOOLEAN GITHUB\\laravel-api\\vendor\\laravel\\framework\\src\\Illuminate\\Foundation\\Http\\Kernel.php(151): Illuminate\\Foundation\\Application->bootstrapWith()
#25 C:\\Users\\marzio\\Desktop\\BOOLEAN GITHUB\\laravel-api\\vendor\\laravel\\framework\\src\\Illuminate\\Foundation\\Http\\Kernel.php(135): Illuminate\\Foundation\\Http\\Kernel->bootstrap()
#26 C:\\Users\\marzio\\Desktop\\BOOLEAN GITHUB\\laravel-api\\vendor\\laravel\\framework\\src\\Illuminate\\Foundation\\Http\\Kernel.php(109): Illuminate\\Foundation\\Http\\Kernel->sendRequestThroughRouter()
#27 C:\\Users\\marzio\\Desktop\\BOOLEAN GITHUB\\laravel-api\\public\\index.php(55): Illuminate\\Foundation\\Http\\Kernel->handle()
#28 C:\\Users\\marzio\\Desktop\\BOOLEAN GITHUB\\laravel-api\\server.php(21): require_once('C:\\\\Users\\\\marzio...')
#29 {main}
"} 
[2022-05-30 15:57:32] local.ERROR: Please provide a valid cache path. {"exception":"[object] (InvalidArgumentException(code: 0): Please provide a valid cache path. at C:\\Users\\marzio\\Desktop\\BOOLEAN GITHUB\\laravel-api\\vendor\\laravel\\framework\\src\\Illuminate\\View\\Compilers\\Compiler.php:36)
[stacktrace]
#0 C:\\Users\\marzio\\Desktop\\BOOLEAN GITHUB\\laravel-api\\vendor\\laravel\\framework\\src\\Illuminate\\View\\ViewServiceProvider.php(91): Illuminate\\View\\Compilers\\Compiler->__construct()
#1 C:\\Users\\marzio\\Desktop\\BOOLEAN GITHUB\\laravel-api\\vendor\\laravel\\framework\\src\\Illuminate\\Container\\Container.php(805): Illuminate\\View\\ViewServiceProvider->Illuminate\\View\\{closure}()
#2 C:\\Users\\marzio\\Desktop\\BOOLEAN GITHUB\\laravel-api\\vendor\\laravel\\framework\\src\\Illuminate\\Container\\Container.php(691): Illuminate\\Container\\Container->build()
#3 C:\\Users\\marzio\\Desktop\\BOOLEAN GITHUB\\laravel-api\\vendor\\laravel\\framework\\src\\Illuminate\\Foundation\\Application.php(796): Illuminate\\Container\\Container->resolve()
#4 C:\\Users\\marzio\\Desktop\\BOOLEAN GITHUB\\laravel-api\\vendor\\laravel\\framework\\src\\Illuminate\\Container\\Container.php(637): Illuminate\\Foundation\\Application->resolve()
#5 C:\\Users\\marzio\\Desktop\\BOOLEAN GITHUB\\laravel-api\\vendor\\laravel\\framework\\src\\Illuminate\\Foundation\\Application.php(781): Illuminate\\Container\\Container->make()
#6 C:\\Users\\marzio\\Desktop\\BOOLEAN GITHUB\\laravel-api\\vendor\\laravel\\framework\\src\\Illuminate\\Container\\Container.php(1283): Illuminate\\Foundation\\Application->make()
#7 C:\\Users\\marzio\\Desktop\\BOOLEAN GITHUB\\laravel-api\\vendor\\laravel\\framework\\src\\Illuminate\\View\\ViewServiceProvider.php(151): Illuminate\\Container\\Container->offsetGet()
#8 [internal function]: Illuminate\\View\\ViewServiceProvider->Illuminate\\View\\{closure}()
#9 C:\\Users\\marzio\\Desktop\\BOOLEAN GITHUB\\laravel-api\\vendor\\laravel\\framework\\src\\Illuminate\\View\\Engines\\EngineResolver.php(55): call_user_func()
#10 C:\\Users\\marzio\\Desktop\\BOOLEAN GITHUB\\laravel-api\\vendor\\facade\\ignition\\src\\IgnitionServiceProvider.php(467): Illuminate\\View\\Engines\\EngineResolver->resolve()
#11 C:\\Users\\marzio\\Desktop\\BOOLEAN GITHUB\\laravel-api\\vendor\\facade\\ignition\\src\\IgnitionServiceProvider.php(158): Facade\\Ignition\\IgnitionServiceProvider->hasCustomViewEnginesRegistered()
#12 C:\\Users\\marzio\\Desktop\\BOOLEAN GITHUB\\laravel-api\\vendor\\facade\\ignition\\src\\IgnitionServiceProvider.php(101): Facade\\Ignition\\IgnitionServiceProvider->registerViewEngines()
#13 C:\\Users\\marzio\\Desktop\\BOOLEAN GITHUB\\laravel-api\\vendor\\laravel\\framework\\src\\Illuminate\\Container\\BoundMethod.php(36): Facade\\Ignition\\IgnitionServiceProvider->boot()
#14 C:\\Users\\marzio\\Desktop\\BOOLEAN GITHUB\\laravel-api\\vendor\\laravel\\framework\\src\\Illuminate\\Container\\Util.php(37): Illuminate\\Container\\BoundMethod::Illuminate\\Container\\{closure}()
#15 C:\\Users\\marzio\\Desktop\\BOOLEAN GITHUB\\laravel-api\\vendor\\laravel\\framework\\src\\Illuminate\\Container\\BoundMethod.php(93): Illuminate\\Container\\Util::unwrapIfClosure()
#16 C:\\Users\\marzio\\Desktop\\BOOLEAN GITHUB\\laravel-api\\vendor\\laravel\\framework\\src\\Illuminate\\Container\\BoundMethod.php(37): Illuminate\\Container\\BoundMethod::callBoundMethod()
#17 C:\\Users\\marzio\\Desktop\\BOOLEAN GITHUB\\laravel-api\\vendor\\laravel\\framework\\src\\Illuminate\\Container\\Container.php(596): Illuminate\\Container\\BoundMethod::call()
#18 C:\\Users\\marzio\\Desktop\\BOOLEAN GITHUB\\laravel-api\\vendor\\laravel\\framework\\src\\Illuminate\\Foundation\\Application.php(867): Illuminate\\Container\\Container->call()
#19 C:\\Users\\marzio\\Desktop\\BOOLEAN GITHUB\\laravel-api\\vendor\\laravel\\framework\\src\\Illuminate\\Foundation\\Application.php(850): Illuminate\\Foundation\\Application->bootProvider()
#20 [internal function]: Illuminate\\Foundation\\Application->Illuminate\\Foundation\\{closure}()
#21 C:\\Users\\marzio\\Desktop\\BOOLEAN GITHUB\\laravel-api\\vendor\\laravel\\framework\\src\\Illuminate\\Foundation\\Application.php(851): array_walk()
#22 C:\\Users\\marzio\\Desktop\\BOOLEAN GITHUB\\laravel-api\\vendor\\laravel\\framework\\src\\Illuminate\\Foundation\\Bootstrap\\BootProviders.php(17): Illuminate\\Foundation\\Application->boot()
#23 C:\\Users\\marzio\\Desktop\\BOOLEAN GITHUB\\laravel-api\\vendor\\laravel\\framework\\src\\Illuminate\\Foundation\\Application.php(230): Illuminate\\Foundation\\Bootstrap\\BootProviders->bootstrap()
#24 C:\\Users\\marzio\\Desktop\\BOOLEAN GITHUB\\laravel-api\\vendor\\laravel\\framework\\src\\Illuminate\\Foundation\\Console\\Kernel.php(310): Illuminate\\Foundation\\Application->bootstrapWith()
#25 C:\\Users\\marzio\\Desktop\\BOOLEAN GITHUB\\laravel-api\\vendor\\laravel\\framework\\src\\Illuminate\\Foundation\\Console\\Kernel.php(127): Illuminate\\Foundation\\Console\\Kernel->bootstrap()
#26 C:\\Users\\marzio\\Desktop\\BOOLEAN GITHUB\\laravel-api\\artisan(37): Illuminate\\Foundation\\Console\\Kernel->handle()
#27 {main}
"} 
[2022-05-30 15:58:23] local.ERROR: Please provide a valid cache path. {"exception":"[object] (InvalidArgumentException(code: 0): Please provide a valid cache path. at C:\\Users\\marzio\\Desktop\\BOOLEAN GITHUB\\laravel-api\\vendor\\laravel\\framework\\src\\Illuminate\\View\\Compilers\\Compiler.php:36)
[stacktrace]
#0 C:\\Users\\marzio\\Desktop\\BOOLEAN GITHUB\\laravel-api\\vendor\\laravel\\framework\\src\\Illuminate\\View\\ViewServiceProvider.php(91): Illuminate\\View\\Compilers\\Compiler->__construct()
#1 C:\\Users\\marzio\\Desktop\\BOOLEAN GITHUB\\laravel-api\\vendor\\laravel\\framework\\src\\Illuminate\\Container\\Container.php(805): Illuminate\\View\\ViewServiceProvider->Illuminate\\View\\{closure}()
#2 C:\\Users\\marzio\\Desktop\\BOOLEAN GITHUB\\laravel-api\\vendor\\laravel\\framework\\src\\Illuminate\\Container\\Container.php(691): Illuminate\\Container\\Container->build()
#3 C:\\Users\\marzio\\Desktop\\BOOLEAN GITHUB\\laravel-api\\vendor\\laravel\\framework\\src\\Illuminate\\Foundation\\Application.php(796): Illuminate\\Container\\Container->resolve()
#4 C:\\Users\\marzio\\Desktop\\BOOLEAN GITHUB\\laravel-api\\vendor\\laravel\\framework\\src\\Illuminate\\Container\\Container.php(637): Illuminate\\Foundation\\Application->resolve()
#5 C:\\Users\\marzio\\Desktop\\BOOLEAN GITHUB\\laravel-api\\vendor\\laravel\\framework\\src\\Illuminate\\Foundation\\Application.php(781): Illuminate\\Container\\Container->make()
#6 C:\\Users\\marzio\\Desktop\\BOOLEAN GITHUB\\laravel-api\\vendor\\laravel\\framework\\src\\Illuminate\\Container\\Container.php(1283): Illuminate\\Foundation\\Application->make()
#7 C:\\Users\\marzio\\Desktop\\BOOLEAN GITHUB\\laravel-api\\vendor\\laravel\\framework\\src\\Illuminate\\View\\ViewServiceProvider.php(151): Illuminate\\Container\\Container->offsetGet()
#8 [internal function]: Illuminate\\View\\ViewServiceProvider->Illuminate\\View\\{closure}()
#9 C:\\Users\\marzio\\Desktop\\BOOLEAN GITHUB\\laravel-api\\vendor\\laravel\\framework\\src\\Illuminate\\View\\Engines\\EngineResolver.php(55): call_user_func()
#10 C:\\Users\\marzio\\Desktop\\BOOLEAN GITHUB\\laravel-api\\vendor\\facade\\ignition\\src\\IgnitionServiceProvider.php(467): Illuminate\\View\\Engines\\EngineResolver->resolve()
#11 C:\\Users\\marzio\\Desktop\\BOOLEAN GITHUB\\laravel-api\\vendor\\facade\\ignition\\src\\IgnitionServiceProvider.php(158): Facade\\Ignition\\IgnitionServiceProvider->hasCustomViewEnginesRegistered()
#12 C:\\Users\\marzio\\Desktop\\BOOLEAN GITHUB\\laravel-api\\vendor\\facade\\ignition\\src\\IgnitionServiceProvider.php(101): Facade\\Ignition\\IgnitionServiceProvider->registerViewEngines()
#13 C:\\Users\\marzio\\Desktop\\BOOLEAN GITHUB\\laravel-api\\vendor\\laravel\\framework\\src\\Illuminate\\Container\\BoundMethod.php(36): Facade\\Ignition\\IgnitionServiceProvider->boot()
#14 C:\\Users\\marzio\\Desktop\\BOOLEAN GITHUB\\laravel-api\\vendor\\laravel\\framework\\src\\Illuminate\\Container\\Util.php(37): Illuminate\\Container\\BoundMethod::Illuminate\\Container\\{closure}()
#15 C:\\Users\\marzio\\Desktop\\BOOLEAN GITHUB\\laravel-api\\vendor\\laravel\\framework\\src\\Illuminate\\Container\\BoundMethod.php(93): Illuminate\\Container\\Util::unwrapIfClosure()
#16 C:\\Users\\marzio\\Desktop\\BOOLEAN GITHUB\\laravel-api\\vendor\\laravel\\framework\\src\\Illuminate\\Container\\BoundMethod.php(37): Illuminate\\Container\\BoundMethod::callBoundMethod()
#17 C:\\Users\\marzio\\Desktop\\BOOLEAN GITHUB\\laravel-api\\vendor\\laravel\\framework\\src\\Illuminate\\Container\\Container.php(596): Illuminate\\Container\\BoundMethod::call()
#18 C:\\Users\\marzio\\Desktop\\BOOLEAN GITHUB\\laravel-api\\vendor\\laravel\\framework\\src\\Illuminate\\Foundation\\Application.php(867): Illuminate\\Container\\Container->call()
#19 C:\\Users\\marzio\\Desktop\\BOOLEAN GITHUB\\laravel-api\\vendor\\laravel\\framework\\src\\Illuminate\\Foundation\\Application.php(850): Illuminate\\Foundation\\Application->bootProvider()
#20 [internal function]: Illuminate\\Foundation\\Application->Illuminate\\Foundation\\{closure}()
#21 C:\\Users\\marzio\\Desktop\\BOOLEAN GITHUB\\laravel-api\\vendor\\laravel\\framework\\src\\Illuminate\\Foundation\\Application.php(851): array_walk()
#22 C:\\Users\\marzio\\Desktop\\BOOLEAN GITHUB\\laravel-api\\vendor\\laravel\\framework\\src\\Illuminate\\Foundation\\Bootstrap\\BootProviders.php(17): Illuminate\\Foundation\\Application->boot()
#23 C:\\Users\\marzio\\Desktop\\BOOLEAN GITHUB\\laravel-api\\vendor\\laravel\\framework\\src\\Illuminate\\Foundation\\Application.php(230): Illuminate\\Foundation\\Bootstrap\\BootProviders->bootstrap()
#24 C:\\Users\\marzio\\Desktop\\BOOLEAN GITHUB\\laravel-api\\vendor\\laravel\\framework\\src\\Illuminate\\Foundation\\Console\\Kernel.php(310): Illuminate\\Foundation\\Application->bootstrapWith()
#25 C:\\Users\\marzio\\Desktop\\BOOLEAN GITHUB\\laravel-api\\vendor\\laravel\\framework\\src\\Illuminate\\Foundation\\Console\\Kernel.php(127): Illuminate\\Foundation\\Console\\Kernel->bootstrap()
#26 C:\\Users\\marzio\\Desktop\\BOOLEAN GITHUB\\laravel-api\\artisan(37): Illuminate\\Foundation\\Console\\Kernel->handle()
#27 {main}
"} 
[2022-05-30 15:59:17] local.ERROR: Please provide a valid cache path. {"exception":"[object] (InvalidArgumentException(code: 0): Please provide a valid cache path. at C:\\Users\\marzio\\Desktop\\BOOLEAN GITHUB\\laravel-api\\vendor\\laravel\\framework\\src\\Illuminate\\View\\Compilers\\Compiler.php:36)
[stacktrace]
#0 C:\\Users\\marzio\\Desktop\\BOOLEAN GITHUB\\laravel-api\\vendor\\laravel\\framework\\src\\Illuminate\\View\\ViewServiceProvider.php(91): Illuminate\\View\\Compilers\\Compiler->__construct()
#1 C:\\Users\\marzio\\Desktop\\BOOLEAN GITHUB\\laravel-api\\vendor\\laravel\\framework\\src\\Illuminate\\Container\\Container.php(805): Illuminate\\View\\ViewServiceProvider->Illuminate\\View\\{closure}()
#2 C:\\Users\\marzio\\Desktop\\BOOLEAN GITHUB\\laravel-api\\vendor\\laravel\\framework\\src\\Illuminate\\Container\\Container.php(691): Illuminate\\Container\\Container->build()
#3 C:\\Users\\marzio\\Desktop\\BOOLEAN GITHUB\\laravel-api\\vendor\\laravel\\framework\\src\\Illuminate\\Foundation\\Application.php(796): Illuminate\\Container\\Container->resolve()
#4 C:\\Users\\marzio\\Desktop\\BOOLEAN GITHUB\\laravel-api\\vendor\\laravel\\framework\\src\\Illuminate\\Container\\Container.php(637): Illuminate\\Foundation\\Application->resolve()
#5 C:\\Users\\marzio\\Desktop\\BOOLEAN GITHUB\\laravel-api\\vendor\\laravel\\framework\\src\\Illuminate\\Foundation\\Application.php(781): Illuminate\\Container\\Container->make()
#6 C:\\Users\\marzio\\Desktop\\BOOLEAN GITHUB\\laravel-api\\vendor\\laravel\\framework\\src\\Illuminate\\Container\\Container.php(1283): Illuminate\\Foundation\\Application->make()
#7 C:\\Users\\marzio\\Desktop\\BOOLEAN GITHUB\\laravel-api\\vendor\\laravel\\framework\\src\\Illuminate\\View\\ViewServiceProvider.php(151): Illuminate\\Container\\Container->offsetGet()
#8 [internal function]: Illuminate\\View\\ViewServiceProvider->Illuminate\\View\\{closure}()
#9 C:\\Users\\marzio\\Desktop\\BOOLEAN GITHUB\\laravel-api\\vendor\\laravel\\framework\\src\\Illuminate\\View\\Engines\\EngineResolver.php(55): call_user_func()
#10 C:\\Users\\marzio\\Desktop\\BOOLEAN GITHUB\\laravel-api\\vendor\\facade\\ignition\\src\\IgnitionServiceProvider.php(467): Illuminate\\View\\Engines\\EngineResolver->resolve()
#11 C:\\Users\\marzio\\Desktop\\BOOLEAN GITHUB\\laravel-api\\vendor\\facade\\ignition\\src\\IgnitionServiceProvider.php(158): Facade\\Ignition\\IgnitionServiceProvider->hasCustomViewEnginesRegistered()
#12 C:\\Users\\marzio\\Desktop\\BOOLEAN GITHUB\\laravel-api\\vendor\\facade\\ignition\\src\\IgnitionServiceProvider.php(101): Facade\\Ignition\\IgnitionServiceProvider->registerViewEngines()
#13 C:\\Users\\marzio\\Desktop\\BOOLEAN GITHUB\\laravel-api\\vendor\\laravel\\framework\\src\\Illuminate\\Container\\BoundMethod.php(36): Facade\\Ignition\\IgnitionServiceProvider->boot()
#14 C:\\Users\\marzio\\Desktop\\BOOLEAN GITHUB\\laravel-api\\vendor\\laravel\\framework\\src\\Illuminate\\Container\\Util.php(37): Illuminate\\Container\\BoundMethod::Illuminate\\Container\\{closure}()
#15 C:\\Users\\marzio\\Desktop\\BOOLEAN GITHUB\\laravel-api\\vendor\\laravel\\framework\\src\\Illuminate\\Container\\BoundMethod.php(93): Illuminate\\Container\\Util::unwrapIfClosure()
#16 C:\\Users\\marzio\\Desktop\\BOOLEAN GITHUB\\laravel-api\\vendor\\laravel\\framework\\src\\Illuminate\\Container\\BoundMethod.php(37): Illuminate\\Container\\BoundMethod::callBoundMethod()
#17 C:\\Users\\marzio\\Desktop\\BOOLEAN GITHUB\\laravel-api\\vendor\\laravel\\framework\\src\\Illuminate\\Container\\Container.php(596): Illuminate\\Container\\BoundMethod::call()
#18 C:\\Users\\marzio\\Desktop\\BOOLEAN GITHUB\\laravel-api\\vendor\\laravel\\framework\\src\\Illuminate\\Foundation\\Application.php(867): Illuminate\\Container\\Container->call()
#19 C:\\Users\\marzio\\Desktop\\BOOLEAN GITHUB\\laravel-api\\vendor\\laravel\\framework\\src\\Illuminate\\Foundation\\Application.php(850): Illuminate\\Foundation\\Application->bootProvider()
#20 [internal function]: Illuminate\\Foundation\\Application->Illuminate\\Foundation\\{closure}()
#21 C:\\Users\\marzio\\Desktop\\BOOLEAN GITHUB\\laravel-api\\vendor\\laravel\\framework\\src\\Illuminate\\Foundation\\Application.php(851): array_walk()
#22 C:\\Users\\marzio\\Desktop\\BOOLEAN GITHUB\\laravel-api\\vendor\\laravel\\framework\\src\\Illuminate\\Foundation\\Bootstrap\\BootProviders.php(17): Illuminate\\Foundation\\Application->boot()
#23 C:\\Users\\marzio\\Desktop\\BOOLEAN GITHUB\\laravel-api\\vendor\\laravel\\framework\\src\\Illuminate\\Foundation\\Application.php(230): Illuminate\\Foundation\\Bootstrap\\BootProviders->bootstrap()
#24 C:\\Users\\marzio\\Desktop\\BOOLEAN GITHUB\\laravel-api\\vendor\\laravel\\framework\\src\\Illuminate\\Foundation\\Console\\Kernel.php(310): Illuminate\\Foundation\\Application->bootstrapWith()
#25 C:\\Users\\marzio\\Desktop\\BOOLEAN GITHUB\\laravel-api\\vendor\\laravel\\framework\\src\\Illuminate\\Foundation\\Console\\Kernel.php(127): Illuminate\\Foundation\\Console\\Kernel->bootstrap()
#26 C:\\Users\\marzio\\Desktop\\BOOLEAN GITHUB\\laravel-api\\artisan(37): Illuminate\\Foundation\\Console\\Kernel->handle()
#27 {main}
"} 
[2022-05-30 16:01:11] local.ERROR: Please provide a valid cache path. {"exception":"[object] (InvalidArgumentException(code: 0): Please provide a valid cache path. at C:\\Users\\marzio\\Desktop\\BOOLEAN GITHUB\\laravel-api\\vendor\\laravel\\framework\\src\\Illuminate\\View\\Compilers\\Compiler.php:36)
[stacktrace]
#0 C:\\Users\\marzio\\Desktop\\BOOLEAN GITHUB\\laravel-api\\vendor\\laravel\\framework\\src\\Illuminate\\View\\ViewServiceProvider.php(91): Illuminate\\View\\Compilers\\Compiler->__construct()
#1 C:\\Users\\marzio\\Desktop\\BOOLEAN GITHUB\\laravel-api\\vendor\\laravel\\framework\\src\\Illuminate\\Container\\Container.php(805): Illuminate\\View\\ViewServiceProvider->Illuminate\\View\\{closure}()
#2 C:\\Users\\marzio\\Desktop\\BOOLEAN GITHUB\\laravel-api\\vendor\\laravel\\framework\\src\\Illuminate\\Container\\Container.php(691): Illuminate\\Container\\Container->build()
#3 C:\\Users\\marzio\\Desktop\\BOOLEAN GITHUB\\laravel-api\\vendor\\laravel\\framework\\src\\Illuminate\\Foundation\\Application.php(796): Illuminate\\Container\\Container->resolve()
#4 C:\\Users\\marzio\\Desktop\\BOOLEAN GITHUB\\laravel-api\\vendor\\laravel\\framework\\src\\Illuminate\\Container\\Container.php(637): Illuminate\\Foundation\\Application->resolve()
#5 C:\\Users\\marzio\\Desktop\\BOOLEAN GITHUB\\laravel-api\\vendor\\laravel\\framework\\src\\Illuminate\\Foundation\\Application.php(781): Illuminate\\Container\\Container->make()
#6 C:\\Users\\marzio\\Desktop\\BOOLEAN GITHUB\\laravel-api\\vendor\\laravel\\framework\\src\\Illuminate\\Container\\Container.php(1283): Illuminate\\Foundation\\Application->make()
#7 C:\\Users\\marzio\\Desktop\\BOOLEAN GITHUB\\laravel-api\\vendor\\laravel\\framework\\src\\Illuminate\\View\\ViewServiceProvider.php(151): Illuminate\\Container\\Container->offsetGet()
#8 [internal function]: Illuminate\\View\\ViewServiceProvider->Illuminate\\View\\{closure}()
#9 C:\\Users\\marzio\\Desktop\\BOOLEAN GITHUB\\laravel-api\\vendor\\laravel\\framework\\src\\Illuminate\\View\\Engines\\EngineResolver.php(55): call_user_func()
#10 C:\\Users\\marzio\\Desktop\\BOOLEAN GITHUB\\laravel-api\\vendor\\facade\\ignition\\src\\IgnitionServiceProvider.php(467): Illuminate\\View\\Engines\\EngineResolver->resolve()
#11 C:\\Users\\marzio\\Desktop\\BOOLEAN GITHUB\\laravel-api\\vendor\\facade\\ignition\\src\\IgnitionServiceProvider.php(158): Facade\\Ignition\\IgnitionServiceProvider->hasCustomViewEnginesRegistered()
#12 C:\\Users\\marzio\\Desktop\\BOOLEAN GITHUB\\laravel-api\\vendor\\facade\\ignition\\src\\IgnitionServiceProvider.php(101): Facade\\Ignition\\IgnitionServiceProvider->registerViewEngines()
#13 C:\\Users\\marzio\\Desktop\\BOOLEAN GITHUB\\laravel-api\\vendor\\laravel\\framework\\src\\Illuminate\\Container\\BoundMethod.php(36): Facade\\Ignition\\IgnitionServiceProvider->boot()
#14 C:\\Users\\marzio\\Desktop\\BOOLEAN GITHUB\\laravel-api\\vendor\\laravel\\framework\\src\\Illuminate\\Container\\Util.php(37): Illuminate\\Container\\BoundMethod::Illuminate\\Container\\{closure}()
#15 C:\\Users\\marzio\\Desktop\\BOOLEAN GITHUB\\laravel-api\\vendor\\laravel\\framework\\src\\Illuminate\\Container\\BoundMethod.php(93): Illuminate\\Container\\Util::unwrapIfClosure()
#16 C:\\Users\\marzio\\Desktop\\BOOLEAN GITHUB\\laravel-api\\vendor\\laravel\\framework\\src\\Illuminate\\Container\\BoundMethod.php(37): Illuminate\\Container\\BoundMethod::callBoundMethod()
#17 C:\\Users\\marzio\\Desktop\\BOOLEAN GITHUB\\laravel-api\\vendor\\laravel\\framework\\src\\Illuminate\\Container\\Container.php(596): Illuminate\\Container\\BoundMethod::call()
#18 C:\\Users\\marzio\\Desktop\\BOOLEAN GITHUB\\laravel-api\\vendor\\laravel\\framework\\src\\Illuminate\\Foundation\\Application.php(867): Illuminate\\Container\\Container->call()
#19 C:\\Users\\marzio\\Desktop\\BOOLEAN GITHUB\\laravel-api\\vendor\\laravel\\framework\\src\\Illuminate\\Foundation\\Application.php(850): Illuminate\\Foundation\\Application->bootProvider()
#20 [internal function]: Illuminate\\Foundation\\Application->Illuminate\\Foundation\\{closure}()
#21 C:\\Users\\marzio\\Desktop\\BOOLEAN GITHUB\\laravel-api\\vendor\\laravel\\framework\\src\\Illuminate\\Foundation\\Application.php(851): array_walk()
#22 C:\\Users\\marzio\\Desktop\\BOOLEAN GITHUB\\laravel-api\\vendor\\laravel\\framework\\src\\Illuminate\\Foundation\\Bootstrap\\BootProviders.php(17): Illuminate\\Foundation\\Application->boot()
#23 C:\\Users\\marzio\\Desktop\\BOOLEAN GITHUB\\laravel-api\\vendor\\laravel\\framework\\src\\Illuminate\\Foundation\\Application.php(230): Illuminate\\Foundation\\Bootstrap\\BootProviders->bootstrap()
#24 C:\\Users\\marzio\\Desktop\\BOOLEAN GITHUB\\laravel-api\\vendor\\laravel\\framework\\src\\Illuminate\\Foundation\\Http\\Kernel.php(151): Illuminate\\Foundation\\Application->bootstrapWith()
#25 C:\\Users\\marzio\\Desktop\\BOOLEAN GITHUB\\laravel-api\\vendor\\laravel\\framework\\src\\Illuminate\\Foundation\\Http\\Kernel.php(135): Illuminate\\Foundation\\Http\\Kernel->bootstrap()
#26 C:\\Users\\marzio\\Desktop\\BOOLEAN GITHUB\\laravel-api\\vendor\\laravel\\framework\\src\\Illuminate\\Foundation\\Http\\Kernel.php(109): Illuminate\\Foundation\\Http\\Kernel->sendRequestThroughRouter()
#27 C:\\Users\\marzio\\Desktop\\BOOLEAN GITHUB\\laravel-api\\public\\index.php(55): Illuminate\\Foundation\\Http\\Kernel->handle()
#28 C:\\Users\\marzio\\Desktop\\BOOLEAN GITHUB\\laravel-api\\server.php(21): require_once('C:\\\\Users\\\\marzio...')
#29 {main}
"} 
[2022-05-30 16:01:16] local.ERROR: Please provide a valid cache path. {"exception":"[object] (InvalidArgumentException(code: 0): Please provide a valid cache path. at C:\\Users\\marzio\\Desktop\\BOOLEAN GITHUB\\laravel-api\\vendor\\laravel\\framework\\src\\Illuminate\\View\\Compilers\\Compiler.php:36)
[stacktrace]
#0 C:\\Users\\marzio\\Desktop\\BOOLEAN GITHUB\\laravel-api\\vendor\\laravel\\framework\\src\\Illuminate\\View\\ViewServiceProvider.php(91): Illuminate\\View\\Compilers\\Compiler->__construct()
#1 C:\\Users\\marzio\\Desktop\\BOOLEAN GITHUB\\laravel-api\\vendor\\laravel\\framework\\src\\Illuminate\\Container\\Container.php(805): Illuminate\\View\\ViewServiceProvider->Illuminate\\View\\{closure}()
#2 C:\\Users\\marzio\\Desktop\\BOOLEAN GITHUB\\laravel-api\\vendor\\laravel\\framework\\src\\Illuminate\\Container\\Container.php(691): Illuminate\\Container\\Container->build()
#3 C:\\Users\\marzio\\Desktop\\BOOLEAN GITHUB\\laravel-api\\vendor\\laravel\\framework\\src\\Illuminate\\Foundation\\Application.php(796): Illuminate\\Container\\Container->resolve()
#4 C:\\Users\\marzio\\Desktop\\BOOLEAN GITHUB\\laravel-api\\vendor\\laravel\\framework\\src\\Illuminate\\Container\\Container.php(637): Illuminate\\Foundation\\Application->resolve()
#5 C:\\Users\\marzio\\Desktop\\BOOLEAN GITHUB\\laravel-api\\vendor\\laravel\\framework\\src\\Illuminate\\Foundation\\Application.php(781): Illuminate\\Container\\Container->make()
#6 C:\\Users\\marzio\\Desktop\\BOOLEAN GITHUB\\laravel-api\\vendor\\laravel\\framework\\src\\Illuminate\\Container\\Container.php(1283): Illuminate\\Foundation\\Application->make()
#7 C:\\Users\\marzio\\Desktop\\BOOLEAN GITHUB\\laravel-api\\vendor\\laravel\\framework\\src\\Illuminate\\View\\ViewServiceProvider.php(151): Illuminate\\Container\\Container->offsetGet()
#8 [internal function]: Illuminate\\View\\ViewServiceProvider->Illuminate\\View\\{closure}()
#9 C:\\Users\\marzio\\Desktop\\BOOLEAN GITHUB\\laravel-api\\vendor\\laravel\\framework\\src\\Illuminate\\View\\Engines\\EngineResolver.php(55): call_user_func()
#10 C:\\Users\\marzio\\Desktop\\BOOLEAN GITHUB\\laravel-api\\vendor\\facade\\ignition\\src\\IgnitionServiceProvider.php(467): Illuminate\\View\\Engines\\EngineResolver->resolve()
#11 C:\\Users\\marzio\\Desktop\\BOOLEAN GITHUB\\laravel-api\\vendor\\facade\\ignition\\src\\IgnitionServiceProvider.php(158): Facade\\Ignition\\IgnitionServiceProvider->hasCustomViewEnginesRegistered()
#12 C:\\Users\\marzio\\Desktop\\BOOLEAN GITHUB\\laravel-api\\vendor\\facade\\ignition\\src\\IgnitionServiceProvider.php(101): Facade\\Ignition\\IgnitionServiceProvider->registerViewEngines()
#13 C:\\Users\\marzio\\Desktop\\BOOLEAN GITHUB\\laravel-api\\vendor\\laravel\\framework\\src\\Illuminate\\Container\\BoundMethod.php(36): Facade\\Ignition\\IgnitionServiceProvider->boot()
#14 C:\\Users\\marzio\\Desktop\\BOOLEAN GITHUB\\laravel-api\\vendor\\laravel\\framework\\src\\Illuminate\\Container\\Util.php(37): Illuminate\\Container\\BoundMethod::Illuminate\\Container\\{closure}()
#15 C:\\Users\\marzio\\Desktop\\BOOLEAN GITHUB\\laravel-api\\vendor\\laravel\\framework\\src\\Illuminate\\Container\\BoundMethod.php(93): Illuminate\\Container\\Util::unwrapIfClosure()
#16 C:\\Users\\marzio\\Desktop\\BOOLEAN GITHUB\\laravel-api\\vendor\\laravel\\framework\\src\\Illuminate\\Container\\BoundMethod.php(37): Illuminate\\Container\\BoundMethod::callBoundMethod()
#17 C:\\Users\\marzio\\Desktop\\BOOLEAN GITHUB\\laravel-api\\vendor\\laravel\\framework\\src\\Illuminate\\Container\\Container.php(596): Illuminate\\Container\\BoundMethod::call()
#18 C:\\Users\\marzio\\Desktop\\BOOLEAN GITHUB\\laravel-api\\vendor\\laravel\\framework\\src\\Illuminate\\Foundation\\Application.php(867): Illuminate\\Container\\Container->call()
#19 C:\\Users\\marzio\\Desktop\\BOOLEAN GITHUB\\laravel-api\\vendor\\laravel\\framework\\src\\Illuminate\\Foundation\\Application.php(850): Illuminate\\Foundation\\Application->bootProvider()
#20 [internal function]: Illuminate\\Foundation\\Application->Illuminate\\Foundation\\{closure}()
#21 C:\\Users\\marzio\\Desktop\\BOOLEAN GITHUB\\laravel-api\\vendor\\laravel\\framework\\src\\Illuminate\\Foundation\\Application.php(851): array_walk()
#22 C:\\Users\\marzio\\Desktop\\BOOLEAN GITHUB\\laravel-api\\vendor\\laravel\\framework\\src\\Illuminate\\Foundation\\Bootstrap\\BootProviders.php(17): Illuminate\\Foundation\\Application->boot()
#23 C:\\Users\\marzio\\Desktop\\BOOLEAN GITHUB\\laravel-api\\vendor\\laravel\\framework\\src\\Illuminate\\Foundation\\Application.php(230): Illuminate\\Foundation\\Bootstrap\\BootProviders->bootstrap()
#24 C:\\Users\\marzio\\Desktop\\BOOLEAN GITHUB\\laravel-api\\vendor\\laravel\\framework\\src\\Illuminate\\Foundation\\Http\\Kernel.php(151): Illuminate\\Foundation\\Application->bootstrapWith()
#25 C:\\Users\\marzio\\Desktop\\BOOLEAN GITHUB\\laravel-api\\vendor\\laravel\\framework\\src\\Illuminate\\Foundation\\Http\\Kernel.php(135): Illuminate\\Foundation\\Http\\Kernel->bootstrap()
#26 C:\\Users\\marzio\\Desktop\\BOOLEAN GITHUB\\laravel-api\\vendor\\laravel\\framework\\src\\Illuminate\\Foundation\\Http\\Kernel.php(109): Illuminate\\Foundation\\Http\\Kernel->sendRequestThroughRouter()
#27 C:\\Users\\marzio\\Desktop\\BOOLEAN GITHUB\\laravel-api\\public\\index.php(55): Illuminate\\Foundation\\Http\\Kernel->handle()
#28 C:\\Users\\marzio\\Desktop\\BOOLEAN GITHUB\\laravel-api\\server.php(21): require_once('C:\\\\Users\\\\marzio...')
#29 {main}
"} 
[2022-05-30 16:03:58] local.ERROR: Please provide a valid cache path. {"exception":"[object] (InvalidArgumentException(code: 0): Please provide a valid cache path. at C:\\Users\\marzio\\Desktop\\BOOLEAN GITHUB\\laravel-api\\vendor\\laravel\\framework\\src\\Illuminate\\View\\Compilers\\Compiler.php:36)
[stacktrace]
#0 C:\\Users\\marzio\\Desktop\\BOOLEAN GITHUB\\laravel-api\\vendor\\laravel\\framework\\src\\Illuminate\\View\\ViewServiceProvider.php(91): Illuminate\\View\\Compilers\\Compiler->__construct()
#1 C:\\Users\\marzio\\Desktop\\BOOLEAN GITHUB\\laravel-api\\vendor\\laravel\\framework\\src\\Illuminate\\Container\\Container.php(805): Illuminate\\View\\ViewServiceProvider->Illuminate\\View\\{closure}()
#2 C:\\Users\\marzio\\Desktop\\BOOLEAN GITHUB\\laravel-api\\vendor\\laravel\\framework\\src\\Illuminate\\Container\\Container.php(691): Illuminate\\Container\\Container->build()
#3 C:\\Users\\marzio\\Desktop\\BOOLEAN GITHUB\\laravel-api\\vendor\\laravel\\framework\\src\\Illuminate\\Foundation\\Application.php(796): Illuminate\\Container\\Container->resolve()
#4 C:\\Users\\marzio\\Desktop\\BOOLEAN GITHUB\\laravel-api\\vendor\\laravel\\framework\\src\\Illuminate\\Container\\Container.php(637): Illuminate\\Foundation\\Application->resolve()
#5 C:\\Users\\marzio\\Desktop\\BOOLEAN GITHUB\\laravel-api\\vendor\\laravel\\framework\\src\\Illuminate\\Foundation\\Application.php(781): Illuminate\\Container\\Container->make()
#6 C:\\Users\\marzio\\Desktop\\BOOLEAN GITHUB\\laravel-api\\vendor\\laravel\\framework\\src\\Illuminate\\Container\\Container.php(1283): Illuminate\\Foundation\\Application->make()
#7 C:\\Users\\marzio\\Desktop\\BOOLEAN GITHUB\\laravel-api\\vendor\\laravel\\framework\\src\\Illuminate\\View\\ViewServiceProvider.php(151): Illuminate\\Container\\Container->offsetGet()
#8 [internal function]: Illuminate\\View\\ViewServiceProvider->Illuminate\\View\\{closure}()
#9 C:\\Users\\marzio\\Desktop\\BOOLEAN GITHUB\\laravel-api\\vendor\\laravel\\framework\\src\\Illuminate\\View\\Engines\\EngineResolver.php(55): call_user_func()
#10 C:\\Users\\marzio\\Desktop\\BOOLEAN GITHUB\\laravel-api\\vendor\\facade\\ignition\\src\\IgnitionServiceProvider.php(467): Illuminate\\View\\Engines\\EngineResolver->resolve()
#11 C:\\Users\\marzio\\Desktop\\BOOLEAN GITHUB\\laravel-api\\vendor\\facade\\ignition\\src\\IgnitionServiceProvider.php(158): Facade\\Ignition\\IgnitionServiceProvider->hasCustomViewEnginesRegistered()
#12 C:\\Users\\marzio\\Desktop\\BOOLEAN GITHUB\\laravel-api\\vendor\\facade\\ignition\\src\\IgnitionServiceProvider.php(101): Facade\\Ignition\\IgnitionServiceProvider->registerViewEngines()
#13 C:\\Users\\marzio\\Desktop\\BOOLEAN GITHUB\\laravel-api\\vendor\\laravel\\framework\\src\\Illuminate\\Container\\BoundMethod.php(36): Facade\\Ignition\\IgnitionServiceProvider->boot()
#14 C:\\Users\\marzio\\Desktop\\BOOLEAN GITHUB\\laravel-api\\vendor\\laravel\\framework\\src\\Illuminate\\Container\\Util.php(37): Illuminate\\Container\\BoundMethod::Illuminate\\Container\\{closure}()
#15 C:\\Users\\marzio\\Desktop\\BOOLEAN GITHUB\\laravel-api\\vendor\\laravel\\framework\\src\\Illuminate\\Container\\BoundMethod.php(93): Illuminate\\Container\\Util::unwrapIfClosure()
#16 C:\\Users\\marzio\\Desktop\\BOOLEAN GITHUB\\laravel-api\\vendor\\laravel\\framework\\src\\Illuminate\\Container\\BoundMethod.php(37): Illuminate\\Container\\BoundMethod::callBoundMethod()
#17 C:\\Users\\marzio\\Desktop\\BOOLEAN GITHUB\\laravel-api\\vendor\\laravel\\framework\\src\\Illuminate\\Container\\Container.php(596): Illuminate\\Container\\BoundMethod::call()
#18 C:\\Users\\marzio\\Desktop\\BOOLEAN GITHUB\\laravel-api\\vendor\\laravel\\framework\\src\\Illuminate\\Foundation\\Application.php(867): Illuminate\\Container\\Container->call()
#19 C:\\Users\\marzio\\Desktop\\BOOLEAN GITHUB\\laravel-api\\vendor\\laravel\\framework\\src\\Illuminate\\Foundation\\Application.php(850): Illuminate\\Foundation\\Application->bootProvider()
#20 [internal function]: Illuminate\\Foundation\\Application->Illuminate\\Foundation\\{closure}()
#21 C:\\Users\\marzio\\Desktop\\BOOLEAN GITHUB\\laravel-api\\vendor\\laravel\\framework\\src\\Illuminate\\Foundation\\Application.php(851): array_walk()
#22 C:\\Users\\marzio\\Desktop\\BOOLEAN GITHUB\\laravel-api\\vendor\\laravel\\framework\\src\\Illuminate\\Foundation\\Bootstrap\\BootProviders.php(17): Illuminate\\Foundation\\Application->boot()
#23 C:\\Users\\marzio\\Desktop\\BOOLEAN GITHUB\\laravel-api\\vendor\\laravel\\framework\\src\\Illuminate\\Foundation\\Application.php(230): Illuminate\\Foundation\\Bootstrap\\BootProviders->bootstrap()
#24 C:\\Users\\marzio\\Desktop\\BOOLEAN GITHUB\\laravel-api\\vendor\\laravel\\framework\\src\\Illuminate\\Foundation\\Http\\Kernel.php(151): Illuminate\\Foundation\\Application->bootstrapWith()
#25 C:\\Users\\marzio\\Desktop\\BOOLEAN GITHUB\\laravel-api\\vendor\\laravel\\framework\\src\\Illuminate\\Foundation\\Http\\Kernel.php(135): Illuminate\\Foundation\\Http\\Kernel->bootstrap()
#26 C:\\Users\\marzio\\Desktop\\BOOLEAN GITHUB\\laravel-api\\vendor\\laravel\\framework\\src\\Illuminate\\Foundation\\Http\\Kernel.php(109): Illuminate\\Foundation\\Http\\Kernel->sendRequestThroughRouter()
#27 C:\\Users\\marzio\\Desktop\\BOOLEAN GITHUB\\laravel-api\\public\\index.php(55): Illuminate\\Foundation\\Http\\Kernel->handle()
#28 C:\\Users\\marzio\\Desktop\\BOOLEAN GITHUB\\laravel-api\\server.php(21): require_once('C:\\\\Users\\\\marzio...')
#29 {main}
"} 
[2022-05-30 16:04:05] local.ERROR: Please provide a valid cache path. {"exception":"[object] (InvalidArgumentException(code: 0): Please provide a valid cache path. at C:\\Users\\marzio\\Desktop\\BOOLEAN GITHUB\\laravel-api\\vendor\\laravel\\framework\\src\\Illuminate\\View\\Compilers\\Compiler.php:36)
[stacktrace]
#0 C:\\Users\\marzio\\Desktop\\BOOLEAN GITHUB\\laravel-api\\vendor\\laravel\\framework\\src\\Illuminate\\View\\ViewServiceProvider.php(91): Illuminate\\View\\Compilers\\Compiler->__construct()
#1 C:\\Users\\marzio\\Desktop\\BOOLEAN GITHUB\\laravel-api\\vendor\\laravel\\framework\\src\\Illuminate\\Container\\Container.php(805): Illuminate\\View\\ViewServiceProvider->Illuminate\\View\\{closure}()
#2 C:\\Users\\marzio\\Desktop\\BOOLEAN GITHUB\\laravel-api\\vendor\\laravel\\framework\\src\\Illuminate\\Container\\Container.php(691): Illuminate\\Container\\Container->build()
#3 C:\\Users\\marzio\\Desktop\\BOOLEAN GITHUB\\laravel-api\\vendor\\laravel\\framework\\src\\Illuminate\\Foundation\\Application.php(796): Illuminate\\Container\\Container->resolve()
#4 C:\\Users\\marzio\\Desktop\\BOOLEAN GITHUB\\laravel-api\\vendor\\laravel\\framework\\src\\Illuminate\\Container\\Container.php(637): Illuminate\\Foundation\\Application->resolve()
#5 C:\\Users\\marzio\\Desktop\\BOOLEAN GITHUB\\laravel-api\\vendor\\laravel\\framework\\src\\Illuminate\\Foundation\\Application.php(781): Illuminate\\Container\\Container->make()
#6 C:\\Users\\marzio\\Desktop\\BOOLEAN GITHUB\\laravel-api\\vendor\\laravel\\framework\\src\\Illuminate\\Container\\Container.php(1283): Illuminate\\Foundation\\Application->make()
#7 C:\\Users\\marzio\\Desktop\\BOOLEAN GITHUB\\laravel-api\\vendor\\laravel\\framework\\src\\Illuminate\\View\\ViewServiceProvider.php(151): Illuminate\\Container\\Container->offsetGet()
#8 [internal function]: Illuminate\\View\\ViewServiceProvider->Illuminate\\View\\{closure}()
#9 C:\\Users\\marzio\\Desktop\\BOOLEAN GITHUB\\laravel-api\\vendor\\laravel\\framework\\src\\Illuminate\\View\\Engines\\EngineResolver.php(55): call_user_func()
#10 C:\\Users\\marzio\\Desktop\\BOOLEAN GITHUB\\laravel-api\\vendor\\facade\\ignition\\src\\IgnitionServiceProvider.php(467): Illuminate\\View\\Engines\\EngineResolver->resolve()
#11 C:\\Users\\marzio\\Desktop\\BOOLEAN GITHUB\\laravel-api\\vendor\\facade\\ignition\\src\\IgnitionServiceProvider.php(158): Facade\\Ignition\\IgnitionServiceProvider->hasCustomViewEnginesRegistered()
#12 C:\\Users\\marzio\\Desktop\\BOOLEAN GITHUB\\laravel-api\\vendor\\facade\\ignition\\src\\IgnitionServiceProvider.php(101): Facade\\Ignition\\IgnitionServiceProvider->registerViewEngines()
#13 C:\\Users\\marzio\\Desktop\\BOOLEAN GITHUB\\laravel-api\\vendor\\laravel\\framework\\src\\Illuminate\\Container\\BoundMethod.php(36): Facade\\Ignition\\IgnitionServiceProvider->boot()
#14 C:\\Users\\marzio\\Desktop\\BOOLEAN GITHUB\\laravel-api\\vendor\\laravel\\framework\\src\\Illuminate\\Container\\Util.php(37): Illuminate\\Container\\BoundMethod::Illuminate\\Container\\{closure}()
#15 C:\\Users\\marzio\\Desktop\\BOOLEAN GITHUB\\laravel-api\\vendor\\laravel\\framework\\src\\Illuminate\\Container\\BoundMethod.php(93): Illuminate\\Container\\Util::unwrapIfClosure()
#16 C:\\Users\\marzio\\Desktop\\BOOLEAN GITHUB\\laravel-api\\vendor\\laravel\\framework\\src\\Illuminate\\Container\\BoundMethod.php(37): Illuminate\\Container\\BoundMethod::callBoundMethod()
#17 C:\\Users\\marzio\\Desktop\\BOOLEAN GITHUB\\laravel-api\\vendor\\laravel\\framework\\src\\Illuminate\\Container\\Container.php(596): Illuminate\\Container\\BoundMethod::call()
#18 C:\\Users\\marzio\\Desktop\\BOOLEAN GITHUB\\laravel-api\\vendor\\laravel\\framework\\src\\Illuminate\\Foundation\\Application.php(867): Illuminate\\Container\\Container->call()
#19 C:\\Users\\marzio\\Desktop\\BOOLEAN GITHUB\\laravel-api\\vendor\\laravel\\framework\\src\\Illuminate\\Foundation\\Application.php(850): Illuminate\\Foundation\\Application->bootProvider()
#20 [internal function]: Illuminate\\Foundation\\Application->Illuminate\\Foundation\\{closure}()
#21 C:\\Users\\marzio\\Desktop\\BOOLEAN GITHUB\\laravel-api\\vendor\\laravel\\framework\\src\\Illuminate\\Foundation\\Application.php(851): array_walk()
#22 C:\\Users\\marzio\\Desktop\\BOOLEAN GITHUB\\laravel-api\\vendor\\laravel\\framework\\src\\Illuminate\\Foundation\\Bootstrap\\BootProviders.php(17): Illuminate\\Foundation\\Application->boot()
#23 C:\\Users\\marzio\\Desktop\\BOOLEAN GITHUB\\laravel-api\\vendor\\laravel\\framework\\src\\Illuminate\\Foundation\\Application.php(230): Illuminate\\Foundation\\Bootstrap\\BootProviders->bootstrap()
#24 C:\\Users\\marzio\\Desktop\\BOOLEAN GITHUB\\laravel-api\\vendor\\laravel\\framework\\src\\Illuminate\\Foundation\\Http\\Kernel.php(151): Illuminate\\Foundation\\Application->bootstrapWith()
#25 C:\\Users\\marzio\\Desktop\\BOOLEAN GITHUB\\laravel-api\\vendor\\laravel\\framework\\src\\Illuminate\\Foundation\\Http\\Kernel.php(135): Illuminate\\Foundation\\Http\\Kernel->bootstrap()
#26 C:\\Users\\marzio\\Desktop\\BOOLEAN GITHUB\\laravel-api\\vendor\\laravel\\framework\\src\\Illuminate\\Foundation\\Http\\Kernel.php(109): Illuminate\\Foundation\\Http\\Kernel->sendRequestThroughRouter()
#27 C:\\Users\\marzio\\Desktop\\BOOLEAN GITHUB\\laravel-api\\public\\index.php(55): Illuminate\\Foundation\\Http\\Kernel->handle()
#28 C:\\Users\\marzio\\Desktop\\BOOLEAN GITHUB\\laravel-api\\server.php(21): require_once('C:\\\\Users\\\\marzio...')
#29 {main}
"} 
[2022-05-30 16:04:07] local.ERROR: Please provide a valid cache path. {"exception":"[object] (InvalidArgumentException(code: 0): Please provide a valid cache path. at C:\\Users\\marzio\\Desktop\\BOOLEAN GITHUB\\laravel-api\\vendor\\laravel\\framework\\src\\Illuminate\\View\\Compilers\\Compiler.php:36)
[stacktrace]
#0 C:\\Users\\marzio\\Desktop\\BOOLEAN GITHUB\\laravel-api\\vendor\\laravel\\framework\\src\\Illuminate\\View\\ViewServiceProvider.php(91): Illuminate\\View\\Compilers\\Compiler->__construct()
#1 C:\\Users\\marzio\\Desktop\\BOOLEAN GITHUB\\laravel-api\\vendor\\laravel\\framework\\src\\Illuminate\\Container\\Container.php(805): Illuminate\\View\\ViewServiceProvider->Illuminate\\View\\{closure}()
#2 C:\\Users\\marzio\\Desktop\\BOOLEAN GITHUB\\laravel-api\\vendor\\laravel\\framework\\src\\Illuminate\\Container\\Container.php(691): Illuminate\\Container\\Container->build()
#3 C:\\Users\\marzio\\Desktop\\BOOLEAN GITHUB\\laravel-api\\vendor\\laravel\\framework\\src\\Illuminate\\Foundation\\Application.php(796): Illuminate\\Container\\Container->resolve()
#4 C:\\Users\\marzio\\Desktop\\BOOLEAN GITHUB\\laravel-api\\vendor\\laravel\\framework\\src\\Illuminate\\Container\\Container.php(637): Illuminate\\Foundation\\Application->resolve()
#5 C:\\Users\\marzio\\Desktop\\BOOLEAN GITHUB\\laravel-api\\vendor\\laravel\\framework\\src\\Illuminate\\Foundation\\Application.php(781): Illuminate\\Container\\Container->make()
#6 C:\\Users\\marzio\\Desktop\\BOOLEAN GITHUB\\laravel-api\\vendor\\laravel\\framework\\src\\Illuminate\\Container\\Container.php(1283): Illuminate\\Foundation\\Application->make()
#7 C:\\Users\\marzio\\Desktop\\BOOLEAN GITHUB\\laravel-api\\vendor\\laravel\\framework\\src\\Illuminate\\View\\ViewServiceProvider.php(151): Illuminate\\Container\\Container->offsetGet()
#8 [internal function]: Illuminate\\View\\ViewServiceProvider->Illuminate\\View\\{closure}()
#9 C:\\Users\\marzio\\Desktop\\BOOLEAN GITHUB\\laravel-api\\vendor\\laravel\\framework\\src\\Illuminate\\View\\Engines\\EngineResolver.php(55): call_user_func()
#10 C:\\Users\\marzio\\Desktop\\BOOLEAN GITHUB\\laravel-api\\vendor\\facade\\ignition\\src\\IgnitionServiceProvider.php(467): Illuminate\\View\\Engines\\EngineResolver->resolve()
#11 C:\\Users\\marzio\\Desktop\\BOOLEAN GITHUB\\laravel-api\\vendor\\facade\\ignition\\src\\IgnitionServiceProvider.php(158): Facade\\Ignition\\IgnitionServiceProvider->hasCustomViewEnginesRegistered()
#12 C:\\Users\\marzio\\Desktop\\BOOLEAN GITHUB\\laravel-api\\vendor\\facade\\ignition\\src\\IgnitionServiceProvider.php(101): Facade\\Ignition\\IgnitionServiceProvider->registerViewEngines()
#13 C:\\Users\\marzio\\Desktop\\BOOLEAN GITHUB\\laravel-api\\vendor\\laravel\\framework\\src\\Illuminate\\Container\\BoundMethod.php(36): Facade\\Ignition\\IgnitionServiceProvider->boot()
#14 C:\\Users\\marzio\\Desktop\\BOOLEAN GITHUB\\laravel-api\\vendor\\laravel\\framework\\src\\Illuminate\\Container\\Util.php(37): Illuminate\\Container\\BoundMethod::Illuminate\\Container\\{closure}()
#15 C:\\Users\\marzio\\Desktop\\BOOLEAN GITHUB\\laravel-api\\vendor\\laravel\\framework\\src\\Illuminate\\Container\\BoundMethod.php(93): Illuminate\\Container\\Util::unwrapIfClosure()
#16 C:\\Users\\marzio\\Desktop\\BOOLEAN GITHUB\\laravel-api\\vendor\\laravel\\framework\\src\\Illuminate\\Container\\BoundMethod.php(37): Illuminate\\Container\\BoundMethod::callBoundMethod()
#17 C:\\Users\\marzio\\Desktop\\BOOLEAN GITHUB\\laravel-api\\vendor\\laravel\\framework\\src\\Illuminate\\Container\\Container.php(596): Illuminate\\Container\\BoundMethod::call()
#18 C:\\Users\\marzio\\Desktop\\BOOLEAN GITHUB\\laravel-api\\vendor\\laravel\\framework\\src\\Illuminate\\Foundation\\Application.php(867): Illuminate\\Container\\Container->call()
#19 C:\\Users\\marzio\\Desktop\\BOOLEAN GITHUB\\laravel-api\\vendor\\laravel\\framework\\src\\Illuminate\\Foundation\\Application.php(850): Illuminate\\Foundation\\Application->bootProvider()
#20 [internal function]: Illuminate\\Foundation\\Application->Illuminate\\Foundation\\{closure}()
#21 C:\\Users\\marzio\\Desktop\\BOOLEAN GITHUB\\laravel-api\\vendor\\laravel\\framework\\src\\Illuminate\\Foundation\\Application.php(851): array_walk()
#22 C:\\Users\\marzio\\Desktop\\BOOLEAN GITHUB\\laravel-api\\vendor\\laravel\\framework\\src\\Illuminate\\Foundation\\Bootstrap\\BootProviders.php(17): Illuminate\\Foundation\\Application->boot()
#23 C:\\Users\\marzio\\Desktop\\BOOLEAN GITHUB\\laravel-api\\vendor\\laravel\\framework\\src\\Illuminate\\Foundation\\Application.php(230): Illuminate\\Foundation\\Bootstrap\\BootProviders->bootstrap()
#24 C:\\Users\\marzio\\Desktop\\BOOLEAN GITHUB\\laravel-api\\vendor\\laravel\\framework\\src\\Illuminate\\Foundation\\Http\\Kernel.php(151): Illuminate\\Foundation\\Application->bootstrapWith()
#25 C:\\Users\\marzio\\Desktop\\BOOLEAN GITHUB\\laravel-api\\vendor\\laravel\\framework\\src\\Illuminate\\Foundation\\Http\\Kernel.php(135): Illuminate\\Foundation\\Http\\Kernel->bootstrap()
#26 C:\\Users\\marzio\\Desktop\\BOOLEAN GITHUB\\laravel-api\\vendor\\laravel\\framework\\src\\Illuminate\\Foundation\\Http\\Kernel.php(109): Illuminate\\Foundation\\Http\\Kernel->sendRequestThroughRouter()
#27 C:\\Users\\marzio\\Desktop\\BOOLEAN GITHUB\\laravel-api\\public\\index.php(55): Illuminate\\Foundation\\Http\\Kernel->handle()
#28 C:\\Users\\marzio\\Desktop\\BOOLEAN GITHUB\\laravel-api\\server.php(21): require_once('C:\\\\Users\\\\marzio...')
#29 {main}
"} 
[2022-05-30 16:04:25] local.ERROR: Please provide a valid cache path. {"exception":"[object] (InvalidArgumentException(code: 0): Please provide a valid cache path. at C:\\Users\\marzio\\Desktop\\BOOLEAN GITHUB\\laravel-api\\vendor\\laravel\\framework\\src\\Illuminate\\View\\Compilers\\Compiler.php:36)
[stacktrace]
#0 C:\\Users\\marzio\\Desktop\\BOOLEAN GITHUB\\laravel-api\\vendor\\laravel\\framework\\src\\Illuminate\\View\\ViewServiceProvider.php(91): Illuminate\\View\\Compilers\\Compiler->__construct()
#1 C:\\Users\\marzio\\Desktop\\BOOLEAN GITHUB\\laravel-api\\vendor\\laravel\\framework\\src\\Illuminate\\Container\\Container.php(805): Illuminate\\View\\ViewServiceProvider->Illuminate\\View\\{closure}()
#2 C:\\Users\\marzio\\Desktop\\BOOLEAN GITHUB\\laravel-api\\vendor\\laravel\\framework\\src\\Illuminate\\Container\\Container.php(691): Illuminate\\Container\\Container->build()
#3 C:\\Users\\marzio\\Desktop\\BOOLEAN GITHUB\\laravel-api\\vendor\\laravel\\framework\\src\\Illuminate\\Foundation\\Application.php(796): Illuminate\\Container\\Container->resolve()
#4 C:\\Users\\marzio\\Desktop\\BOOLEAN GITHUB\\laravel-api\\vendor\\laravel\\framework\\src\\Illuminate\\Container\\Container.php(637): Illuminate\\Foundation\\Application->resolve()
#5 C:\\Users\\marzio\\Desktop\\BOOLEAN GITHUB\\laravel-api\\vendor\\laravel\\framework\\src\\Illuminate\\Foundation\\Application.php(781): Illuminate\\Container\\Container->make()
#6 C:\\Users\\marzio\\Desktop\\BOOLEAN GITHUB\\laravel-api\\vendor\\laravel\\framework\\src\\Illuminate\\Container\\Container.php(1283): Illuminate\\Foundation\\Application->make()
#7 C:\\Users\\marzio\\Desktop\\BOOLEAN GITHUB\\laravel-api\\vendor\\laravel\\framework\\src\\Illuminate\\View\\ViewServiceProvider.php(151): Illuminate\\Container\\Container->offsetGet()
#8 [internal function]: Illuminate\\View\\ViewServiceProvider->Illuminate\\View\\{closure}()
#9 C:\\Users\\marzio\\Desktop\\BOOLEAN GITHUB\\laravel-api\\vendor\\laravel\\framework\\src\\Illuminate\\View\\Engines\\EngineResolver.php(55): call_user_func()
#10 C:\\Users\\marzio\\Desktop\\BOOLEAN GITHUB\\laravel-api\\vendor\\facade\\ignition\\src\\IgnitionServiceProvider.php(467): Illuminate\\View\\Engines\\EngineResolver->resolve()
#11 C:\\Users\\marzio\\Desktop\\BOOLEAN GITHUB\\laravel-api\\vendor\\facade\\ignition\\src\\IgnitionServiceProvider.php(158): Facade\\Ignition\\IgnitionServiceProvider->hasCustomViewEnginesRegistered()
#12 C:\\Users\\marzio\\Desktop\\BOOLEAN GITHUB\\laravel-api\\vendor\\facade\\ignition\\src\\IgnitionServiceProvider.php(101): Facade\\Ignition\\IgnitionServiceProvider->registerViewEngines()
#13 C:\\Users\\marzio\\Desktop\\BOOLEAN GITHUB\\laravel-api\\vendor\\laravel\\framework\\src\\Illuminate\\Container\\BoundMethod.php(36): Facade\\Ignition\\IgnitionServiceProvider->boot()
#14 C:\\Users\\marzio\\Desktop\\BOOLEAN GITHUB\\laravel-api\\vendor\\laravel\\framework\\src\\Illuminate\\Container\\Util.php(37): Illuminate\\Container\\BoundMethod::Illuminate\\Container\\{closure}()
#15 C:\\Users\\marzio\\Desktop\\BOOLEAN GITHUB\\laravel-api\\vendor\\laravel\\framework\\src\\Illuminate\\Container\\BoundMethod.php(93): Illuminate\\Container\\Util::unwrapIfClosure()
#16 C:\\Users\\marzio\\Desktop\\BOOLEAN GITHUB\\laravel-api\\vendor\\laravel\\framework\\src\\Illuminate\\Container\\BoundMethod.php(37): Illuminate\\Container\\BoundMethod::callBoundMethod()
#17 C:\\Users\\marzio\\Desktop\\BOOLEAN GITHUB\\laravel-api\\vendor\\laravel\\framework\\src\\Illuminate\\Container\\Container.php(596): Illuminate\\Container\\BoundMethod::call()
#18 C:\\Users\\marzio\\Desktop\\BOOLEAN GITHUB\\laravel-api\\vendor\\laravel\\framework\\src\\Illuminate\\Foundation\\Application.php(867): Illuminate\\Container\\Container->call()
#19 C:\\Users\\marzio\\Desktop\\BOOLEAN GITHUB\\laravel-api\\vendor\\laravel\\framework\\src\\Illuminate\\Foundation\\Application.php(850): Illuminate\\Foundation\\Application->bootProvider()
#20 [internal function]: Illuminate\\Foundation\\Application->Illuminate\\Foundation\\{closure}()
#21 C:\\Users\\marzio\\Desktop\\BOOLEAN GITHUB\\laravel-api\\vendor\\laravel\\framework\\src\\Illuminate\\Foundation\\Application.php(851): array_walk()
#22 C:\\Users\\marzio\\Desktop\\BOOLEAN GITHUB\\laravel-api\\vendor\\laravel\\framework\\src\\Illuminate\\Foundation\\Bootstrap\\BootProviders.php(17): Illuminate\\Foundation\\Application->boot()
#23 C:\\Users\\marzio\\Desktop\\BOOLEAN GITHUB\\laravel-api\\vendor\\laravel\\framework\\src\\Illuminate\\Foundation\\Application.php(230): Illuminate\\Foundation\\Bootstrap\\BootProviders->bootstrap()
#24 C:\\Users\\marzio\\Desktop\\BOOLEAN GITHUB\\laravel-api\\vendor\\laravel\\framework\\src\\Illuminate\\Foundation\\Console\\Kernel.php(310): Illuminate\\Foundation\\Application->bootstrapWith()
#25 C:\\Users\\marzio\\Desktop\\BOOLEAN GITHUB\\laravel-api\\vendor\\laravel\\framework\\src\\Illuminate\\Foundation\\Console\\Kernel.php(127): Illuminate\\Foundation\\Console\\Kernel->bootstrap()
#26 C:\\Users\\marzio\\Desktop\\BOOLEAN GITHUB\\laravel-api\\artisan(37): Illuminate\\Foundation\\Console\\Kernel->handle()
#27 {main}
"} 
[2022-05-30 16:14:11] local.ERROR: Disk [private] does not have a configured driver. {"userId":1,"exception":"[object] (InvalidArgumentException(code: 0): Disk [private] does not have a configured driver. at C:\\Users\\marzio\\Desktop\\BOOLEAN GITHUB\\laravel-api\\vendor\\laravel\\framework\\src\\Illuminate\\Filesystem\\FilesystemManager.php:117)
[stacktrace]
#0 C:\\Users\\marzio\\Desktop\\BOOLEAN GITHUB\\laravel-api\\vendor\\laravel\\framework\\src\\Illuminate\\Filesystem\\FilesystemManager.php(101): Illuminate\\Filesystem\\FilesystemManager->resolve()
#1 C:\\Users\\marzio\\Desktop\\BOOLEAN GITHUB\\laravel-api\\vendor\\laravel\\framework\\src\\Illuminate\\Filesystem\\FilesystemManager.php(78): Illuminate\\Filesystem\\FilesystemManager->get()
#2 C:\\Users\\marzio\\Desktop\\BOOLEAN GITHUB\\laravel-api\\vendor\\laravel\\framework\\src\\Illuminate\\Filesystem\\FilesystemManager.php(370): Illuminate\\Filesystem\\FilesystemManager->disk()
#3 C:\\Users\\marzio\\Desktop\\BOOLEAN GITHUB\\laravel-api\\vendor\\laravel\\framework\\src\\Illuminate\\Support\\Facades\\Facade.php(261): Illuminate\\Filesystem\\FilesystemManager->__call()
#4 C:\\Users\\marzio\\Desktop\\BOOLEAN GITHUB\\laravel-api\\app\\Http\\Controllers\\Admin\\PostController.php(101): Illuminate\\Support\\Facades\\Facade::__callStatic()
#5 C:\\Users\\marzio\\Desktop\\BOOLEAN GITHUB\\laravel-api\\vendor\\laravel\\framework\\src\\Illuminate\\Routing\\Controller.php(54): App\\Http\\Controllers\\Admin\\PostController->store()
#6 C:\\Users\\marzio\\Desktop\\BOOLEAN GITHUB\\laravel-api\\vendor\\laravel\\framework\\src\\Illuminate\\Routing\\ControllerDispatcher.php(45): Illuminate\\Routing\\Controller->callAction()
#7 C:\\Users\\marzio\\Desktop\\BOOLEAN GITHUB\\laravel-api\\vendor\\laravel\\framework\\src\\Illuminate\\Routing\\Route.php(239): Illuminate\\Routing\\ControllerDispatcher->dispatch()
#8 C:\\Users\\marzio\\Desktop\\BOOLEAN GITHUB\\laravel-api\\vendor\\laravel\\framework\\src\\Illuminate\\Routing\\Route.php(196): Illuminate\\Routing\\Route->runController()
#9 C:\\Users\\marzio\\Desktop\\BOOLEAN GITHUB\\laravel-api\\vendor\\laravel\\framework\\src\\Illuminate\\Routing\\Router.php(685): Illuminate\\Routing\\Route->run()
#10 C:\\Users\\marzio\\Desktop\\BOOLEAN GITHUB\\laravel-api\\vendor\\laravel\\framework\\src\\Illuminate\\Pipeline\\Pipeline.php(128): Illuminate\\Routing\\Router->Illuminate\\Routing\\{closure}()
#11 C:\\Users\\marzio\\Desktop\\BOOLEAN GITHUB\\laravel-api\\vendor\\laravel\\framework\\src\\Illuminate\\Routing\\Middleware\\SubstituteBindings.php(41): Illuminate\\Pipeline\\Pipeline->Illuminate\\Pipeline\\{closure}()
#12 C:\\Users\\marzio\\Desktop\\BOOLEAN GITHUB\\laravel-api\\vendor\\laravel\\framework\\src\\Illuminate\\Pipeline\\Pipeline.php(167): Illuminate\\Routing\\Middleware\\SubstituteBindings->handle()
#13 C:\\Users\\marzio\\Desktop\\BOOLEAN GITHUB\\laravel-api\\vendor\\laravel\\framework\\src\\Illuminate\\Auth\\Middleware\\Authenticate.php(44): Illuminate\\Pipeline\\Pipeline->Illuminate\\Pipeline\\{closure}()
#14 C:\\Users\\marzio\\Desktop\\BOOLEAN GITHUB\\laravel-api\\vendor\\laravel\\framework\\src\\Illuminate\\Pipeline\\Pipeline.php(167): Illuminate\\Auth\\Middleware\\Authenticate->handle()
#15 C:\\Users\\marzio\\Desktop\\BOOLEAN GITHUB\\laravel-api\\vendor\\laravel\\framework\\src\\Illuminate\\Foundation\\Http\\Middleware\\VerifyCsrfToken.php(78): Illuminate\\Pipeline\\Pipeline->Illuminate\\Pipeline\\{closure}()
#16 C:\\Users\\marzio\\Desktop\\BOOLEAN GITHUB\\laravel-api\\vendor\\laravel\\framework\\src\\Illuminate\\Pipeline\\Pipeline.php(167): Illuminate\\Foundation\\Http\\Middleware\\VerifyCsrfToken->handle()
#17 C:\\Users\\marzio\\Desktop\\BOOLEAN GITHUB\\laravel-api\\vendor\\laravel\\framework\\src\\Illuminate\\View\\Middleware\\ShareErrorsFromSession.php(49): Illuminate\\Pipeline\\Pipeline->Illuminate\\Pipeline\\{closure}()
#18 C:\\Users\\marzio\\Desktop\\BOOLEAN GITHUB\\laravel-api\\vendor\\laravel\\framework\\src\\Illuminate\\Pipeline\\Pipeline.php(167): Illuminate\\View\\Middleware\\ShareErrorsFromSession->handle()
#19 C:\\Users\\marzio\\Desktop\\BOOLEAN GITHUB\\laravel-api\\vendor\\laravel\\framework\\src\\Illuminate\\Session\\Middleware\\StartSession.php(116): Illuminate\\Pipeline\\Pipeline->Illuminate\\Pipeline\\{closure}()
#20 C:\\Users\\marzio\\Desktop\\BOOLEAN GITHUB\\laravel-api\\vendor\\laravel\\framework\\src\\Illuminate\\Session\\Middleware\\StartSession.php(62): Illuminate\\Session\\Middleware\\StartSession->handleStatefulRequest()
#21 C:\\Users\\marzio\\Desktop\\BOOLEAN GITHUB\\laravel-api\\vendor\\laravel\\framework\\src\\Illuminate\\Pipeline\\Pipeline.php(167): Illuminate\\Session\\Middleware\\StartSession->handle()
#22 C:\\Users\\marzio\\Desktop\\BOOLEAN GITHUB\\laravel-api\\vendor\\laravel\\framework\\src\\Illuminate\\Cookie\\Middleware\\AddQueuedCookiesToResponse.php(37): Illuminate\\Pipeline\\Pipeline->Illuminate\\Pipeline\\{closure}()
#23 C:\\Users\\marzio\\Desktop\\BOOLEAN GITHUB\\laravel-api\\vendor\\laravel\\framework\\src\\Illuminate\\Pipeline\\Pipeline.php(167): Illuminate\\Cookie\\Middleware\\AddQueuedCookiesToResponse->handle()
#24 C:\\Users\\marzio\\Desktop\\BOOLEAN GITHUB\\laravel-api\\vendor\\laravel\\framework\\src\\Illuminate\\Cookie\\Middleware\\EncryptCookies.php(67): Illuminate\\Pipeline\\Pipeline->Illuminate\\Pipeline\\{closure}()
#25 C:\\Users\\marzio\\Desktop\\BOOLEAN GITHUB\\laravel-api\\vendor\\laravel\\framework\\src\\Illuminate\\Pipeline\\Pipeline.php(167): Illuminate\\Cookie\\Middleware\\EncryptCookies->handle()
#26 C:\\Users\\marzio\\Desktop\\BOOLEAN GITHUB\\laravel-api\\vendor\\laravel\\framework\\src\\Illuminate\\Pipeline\\Pipeline.php(103): Illuminate\\Pipeline\\Pipeline->Illuminate\\Pipeline\\{closure}()
#27 C:\\Users\\marzio\\Desktop\\BOOLEAN GITHUB\\laravel-api\\vendor\\laravel\\framework\\src\\Illuminate\\Routing\\Router.php(687): Illuminate\\Pipeline\\Pipeline->then()
#28 C:\\Users\\marzio\\Desktop\\BOOLEAN GITHUB\\laravel-api\\vendor\\laravel\\framework\\src\\Illuminate\\Routing\\Router.php(662): Illuminate\\Routing\\Router->runRouteWithinStack()
#29 C:\\Users\\marzio\\Desktop\\BOOLEAN GITHUB\\laravel-api\\vendor\\laravel\\framework\\src\\Illuminate\\Routing\\Router.php(628): Illuminate\\Routing\\Router->runRoute()
#30 C:\\Users\\marzio\\Desktop\\BOOLEAN GITHUB\\laravel-api\\vendor\\laravel\\framework\\src\\Illuminate\\Routing\\Router.php(617): Illuminate\\Routing\\Router->dispatchToRoute()
#31 C:\\Users\\marzio\\Desktop\\BOOLEAN GITHUB\\laravel-api\\vendor\\laravel\\framework\\src\\Illuminate\\Foundation\\Http\\Kernel.php(165): Illuminate\\Routing\\Router->dispatch()
#32 C:\\Users\\marzio\\Desktop\\BOOLEAN GITHUB\\laravel-api\\vendor\\laravel\\framework\\src\\Illuminate\\Pipeline\\Pipeline.php(128): Illuminate\\Foundation\\Http\\Kernel->Illuminate\\Foundation\\Http\\{closure}()
#33 C:\\Users\\marzio\\Desktop\\BOOLEAN GITHUB\\laravel-api\\vendor\\barryvdh\\laravel-debugbar\\src\\Middleware\\InjectDebugbar.php(67): Illuminate\\Pipeline\\Pipeline->Illuminate\\Pipeline\\{closure}()
#34 C:\\Users\\marzio\\Desktop\\BOOLEAN GITHUB\\laravel-api\\vendor\\laravel\\framework\\src\\Illuminate\\Pipeline\\Pipeline.php(167): Barryvdh\\Debugbar\\Middleware\\InjectDebugbar->handle()
#35 C:\\Users\\marzio\\Desktop\\BOOLEAN GITHUB\\laravel-api\\vendor\\laravel\\framework\\src\\Illuminate\\Foundation\\Http\\Middleware\\TransformsRequest.php(21): Illuminate\\Pipeline\\Pipeline->Illuminate\\Pipeline\\{closure}()
#36 C:\\Users\\marzio\\Desktop\\BOOLEAN GITHUB\\laravel-api\\vendor\\laravel\\framework\\src\\Illuminate\\Pipeline\\Pipeline.php(167): Illuminate\\Foundation\\Http\\Middleware\\TransformsRequest->handle()
#37 C:\\Users\\marzio\\Desktop\\BOOLEAN GITHUB\\laravel-api\\vendor\\laravel\\framework\\src\\Illuminate\\Foundation\\Http\\Middleware\\TransformsRequest.php(21): Illuminate\\Pipeline\\Pipeline->Illuminate\\Pipeline\\{closure}()
#38 C:\\Users\\marzio\\Desktop\\BOOLEAN GITHUB\\laravel-api\\vendor\\laravel\\framework\\src\\Illuminate\\Pipeline\\Pipeline.php(167): Illuminate\\Foundation\\Http\\Middleware\\TransformsRequest->handle()
#39 C:\\Users\\marzio\\Desktop\\BOOLEAN GITHUB\\laravel-api\\vendor\\laravel\\framework\\src\\Illuminate\\Foundation\\Http\\Middleware\\ValidatePostSize.php(27): Illuminate\\Pipeline\\Pipeline->Illuminate\\Pipeline\\{closure}()
#40 C:\\Users\\marzio\\Desktop\\BOOLEAN GITHUB\\laravel-api\\vendor\\laravel\\framework\\src\\Illuminate\\Pipeline\\Pipeline.php(167): Illuminate\\Foundation\\Http\\Middleware\\ValidatePostSize->handle()
#41 C:\\Users\\marzio\\Desktop\\BOOLEAN GITHUB\\laravel-api\\vendor\\laravel\\framework\\src\\Illuminate\\Foundation\\Http\\Middleware\\CheckForMaintenanceMode.php(63): Illuminate\\Pipeline\\Pipeline->Illuminate\\Pipeline\\{closure}()
#42 C:\\Users\\marzio\\Desktop\\BOOLEAN GITHUB\\laravel-api\\vendor\\laravel\\framework\\src\\Illuminate\\Pipeline\\Pipeline.php(167): Illuminate\\Foundation\\Http\\Middleware\\CheckForMaintenanceMode->handle()
#43 C:\\Users\\marzio\\Desktop\\BOOLEAN GITHUB\\laravel-api\\vendor\\fruitcake\\laravel-cors\\src\\HandleCors.php(38): Illuminate\\Pipeline\\Pipeline->Illuminate\\Pipeline\\{closure}()
#44 C:\\Users\\marzio\\Desktop\\BOOLEAN GITHUB\\laravel-api\\vendor\\laravel\\framework\\src\\Illuminate\\Pipeline\\Pipeline.php(167): Fruitcake\\Cors\\HandleCors->handle()
#45 C:\\Users\\marzio\\Desktop\\BOOLEAN GITHUB\\laravel-api\\vendor\\fideloper\\proxy\\src\\TrustProxies.php(57): Illuminate\\Pipeline\\Pipeline->Illuminate\\Pipeline\\{closure}()
#46 C:\\Users\\marzio\\Desktop\\BOOLEAN GITHUB\\laravel-api\\vendor\\laravel\\framework\\src\\Illuminate\\Pipeline\\Pipeline.php(167): Fideloper\\Proxy\\TrustProxies->handle()
#47 C:\\Users\\marzio\\Desktop\\BOOLEAN GITHUB\\laravel-api\\vendor\\laravel\\framework\\src\\Illuminate\\Pipeline\\Pipeline.php(103): Illuminate\\Pipeline\\Pipeline->Illuminate\\Pipeline\\{closure}()
#48 C:\\Users\\marzio\\Desktop\\BOOLEAN GITHUB\\laravel-api\\vendor\\laravel\\framework\\src\\Illuminate\\Foundation\\Http\\Kernel.php(140): Illuminate\\Pipeline\\Pipeline->then()
#49 C:\\Users\\marzio\\Desktop\\BOOLEAN GITHUB\\laravel-api\\vendor\\laravel\\framework\\src\\Illuminate\\Foundation\\Http\\Kernel.php(109): Illuminate\\Foundation\\Http\\Kernel->sendRequestThroughRouter()
#50 C:\\Users\\marzio\\Desktop\\BOOLEAN GITHUB\\laravel-api\\public\\index.php(55): Illuminate\\Foundation\\Http\\Kernel->handle()
#51 C:\\Users\\marzio\\Desktop\\BOOLEAN GITHUB\\laravel-api\\server.php(21): require_once('C:\\\\Users\\\\marzio...')
#52 {main}
"} 
[2022-05-30 16:19:30] local.ERROR: The "" file does not exist or is not readable. {"userId":1,"exception":"[object] (Symfony\\Component\\Mime\\Exception\\InvalidArgumentException(code: 0): The \"\" file does not exist or is not readable. at C:\\Users\\marzio\\Desktop\\BOOLEAN GITHUB\\laravel-api\\vendor\\symfony\\mime\\FileinfoMimeTypeGuesser.php:50)
[stacktrace]
#0 C:\\Users\\marzio\\Desktop\\BOOLEAN GITHUB\\laravel-api\\vendor\\symfony\\mime\\MimeTypes.php(134): Symfony\\Component\\Mime\\FileinfoMimeTypeGuesser->guessMimeType()
#1 C:\\Users\\marzio\\Desktop\\BOOLEAN GITHUB\\laravel-api\\vendor\\symfony\\http-foundation\\File\\File.php(81): Symfony\\Component\\Mime\\MimeTypes->guessMimeType()
#2 C:\\Users\\marzio\\Desktop\\BOOLEAN GITHUB\\laravel-api\\vendor\\symfony\\http-foundation\\File\\File.php(61): Symfony\\Component\\HttpFoundation\\File\\File->getMimeType()
#3 C:\\Users\\marzio\\Desktop\\BOOLEAN GITHUB\\laravel-api\\vendor\\laravel\\framework\\src\\Illuminate\\Http\\FileHelpers.php(50): Symfony\\Component\\HttpFoundation\\File\\File->guessExtension()
#4 C:\\Users\\marzio\\Desktop\\BOOLEAN GITHUB\\laravel-api\\vendor\\laravel\\framework\\src\\Illuminate\\Filesystem\\FilesystemAdapter.php(246): Illuminate\\Http\\UploadedFile->hashName()
#5 C:\\Users\\marzio\\Desktop\\BOOLEAN GITHUB\\laravel-api\\vendor\\laravel\\framework\\src\\Illuminate\\Filesystem\\FilesystemAdapter.php(222): Illuminate\\Filesystem\\FilesystemAdapter->putFile()
#6 C:\\Users\\marzio\\Desktop\\BOOLEAN GITHUB\\laravel-api\\vendor\\laravel\\framework\\src\\Illuminate\\Filesystem\\FilesystemManager.php(370): Illuminate\\Filesystem\\FilesystemAdapter->put()
#7 C:\\Users\\marzio\\Desktop\\BOOLEAN GITHUB\\laravel-api\\vendor\\laravel\\framework\\src\\Illuminate\\Support\\Facades\\Facade.php(261): Illuminate\\Filesystem\\FilesystemManager->__call()
#8 C:\\Users\\marzio\\Desktop\\BOOLEAN GITHUB\\laravel-api\\app\\Http\\Controllers\\Admin\\PostController.php(101): Illuminate\\Support\\Facades\\Facade::__callStatic()
#9 C:\\Users\\marzio\\Desktop\\BOOLEAN GITHUB\\laravel-api\\vendor\\laravel\\framework\\src\\Illuminate\\Routing\\Controller.php(54): App\\Http\\Controllers\\Admin\\PostController->store()
#10 C:\\Users\\marzio\\Desktop\\BOOLEAN GITHUB\\laravel-api\\vendor\\laravel\\framework\\src\\Illuminate\\Routing\\ControllerDispatcher.php(45): Illuminate\\Routing\\Controller->callAction()
#11 C:\\Users\\marzio\\Desktop\\BOOLEAN GITHUB\\laravel-api\\vendor\\laravel\\framework\\src\\Illuminate\\Routing\\Route.php(239): Illuminate\\Routing\\ControllerDispatcher->dispatch()
#12 C:\\Users\\marzio\\Desktop\\BOOLEAN GITHUB\\laravel-api\\vendor\\laravel\\framework\\src\\Illuminate\\Routing\\Route.php(196): Illuminate\\Routing\\Route->runController()
#13 C:\\Users\\marzio\\Desktop\\BOOLEAN GITHUB\\laravel-api\\vendor\\laravel\\framework\\src\\Illuminate\\Routing\\Router.php(685): Illuminate\\Routing\\Route->run()
#14 C:\\Users\\marzio\\Desktop\\BOOLEAN GITHUB\\laravel-api\\vendor\\laravel\\framework\\src\\Illuminate\\Pipeline\\Pipeline.php(128): Illuminate\\Routing\\Router->Illuminate\\Routing\\{closure}()
#15 C:\\Users\\marzio\\Desktop\\BOOLEAN GITHUB\\laravel-api\\vendor\\laravel\\framework\\src\\Illuminate\\Routing\\Middleware\\SubstituteBindings.php(41): Illuminate\\Pipeline\\Pipeline->Illuminate\\Pipeline\\{closure}()
#16 C:\\Users\\marzio\\Desktop\\BOOLEAN GITHUB\\laravel-api\\vendor\\laravel\\framework\\src\\Illuminate\\Pipeline\\Pipeline.php(167): Illuminate\\Routing\\Middleware\\SubstituteBindings->handle()
#17 C:\\Users\\marzio\\Desktop\\BOOLEAN GITHUB\\laravel-api\\vendor\\laravel\\framework\\src\\Illuminate\\Auth\\Middleware\\Authenticate.php(44): Illuminate\\Pipeline\\Pipeline->Illuminate\\Pipeline\\{closure}()
#18 C:\\Users\\marzio\\Desktop\\BOOLEAN GITHUB\\laravel-api\\vendor\\laravel\\framework\\src\\Illuminate\\Pipeline\\Pipeline.php(167): Illuminate\\Auth\\Middleware\\Authenticate->handle()
#19 C:\\Users\\marzio\\Desktop\\BOOLEAN GITHUB\\laravel-api\\vendor\\laravel\\framework\\src\\Illuminate\\Foundation\\Http\\Middleware\\VerifyCsrfToken.php(78): Illuminate\\Pipeline\\Pipeline->Illuminate\\Pipeline\\{closure}()
#20 C:\\Users\\marzio\\Desktop\\BOOLEAN GITHUB\\laravel-api\\vendor\\laravel\\framework\\src\\Illuminate\\Pipeline\\Pipeline.php(167): Illuminate\\Foundation\\Http\\Middleware\\VerifyCsrfToken->handle()
#21 C:\\Users\\marzio\\Desktop\\BOOLEAN GITHUB\\laravel-api\\vendor\\laravel\\framework\\src\\Illuminate\\View\\Middleware\\ShareErrorsFromSession.php(49): Illuminate\\Pipeline\\Pipeline->Illuminate\\Pipeline\\{closure}()
#22 C:\\Users\\marzio\\Desktop\\BOOLEAN GITHUB\\laravel-api\\vendor\\laravel\\framework\\src\\Illuminate\\Pipeline\\Pipeline.php(167): Illuminate\\View\\Middleware\\ShareErrorsFromSession->handle()
#23 C:\\Users\\marzio\\Desktop\\BOOLEAN GITHUB\\laravel-api\\vendor\\laravel\\framework\\src\\Illuminate\\Session\\Middleware\\StartSession.php(116): Illuminate\\Pipeline\\Pipeline->Illuminate\\Pipeline\\{closure}()
#24 C:\\Users\\marzio\\Desktop\\BOOLEAN GITHUB\\laravel-api\\vendor\\laravel\\framework\\src\\Illuminate\\Session\\Middleware\\StartSession.php(62): Illuminate\\Session\\Middleware\\StartSession->handleStatefulRequest()
#25 C:\\Users\\marzio\\Desktop\\BOOLEAN GITHUB\\laravel-api\\vendor\\laravel\\framework\\src\\Illuminate\\Pipeline\\Pipeline.php(167): Illuminate\\Session\\Middleware\\StartSession->handle()
#26 C:\\Users\\marzio\\Desktop\\BOOLEAN GITHUB\\laravel-api\\vendor\\laravel\\framework\\src\\Illuminate\\Cookie\\Middleware\\AddQueuedCookiesToResponse.php(37): Illuminate\\Pipeline\\Pipeline->Illuminate\\Pipeline\\{closure}()
#27 C:\\Users\\marzio\\Desktop\\BOOLEAN GITHUB\\laravel-api\\vendor\\laravel\\framework\\src\\Illuminate\\Pipeline\\Pipeline.php(167): Illuminate\\Cookie\\Middleware\\AddQueuedCookiesToResponse->handle()
#28 C:\\Users\\marzio\\Desktop\\BOOLEAN GITHUB\\laravel-api\\vendor\\laravel\\framework\\src\\Illuminate\\Cookie\\Middleware\\EncryptCookies.php(67): Illuminate\\Pipeline\\Pipeline->Illuminate\\Pipeline\\{closure}()
#29 C:\\Users\\marzio\\Desktop\\BOOLEAN GITHUB\\laravel-api\\vendor\\laravel\\framework\\src\\Illuminate\\Pipeline\\Pipeline.php(167): Illuminate\\Cookie\\Middleware\\EncryptCookies->handle()
#30 C:\\Users\\marzio\\Desktop\\BOOLEAN GITHUB\\laravel-api\\vendor\\laravel\\framework\\src\\Illuminate\\Pipeline\\Pipeline.php(103): Illuminate\\Pipeline\\Pipeline->Illuminate\\Pipeline\\{closure}()
#31 C:\\Users\\marzio\\Desktop\\BOOLEAN GITHUB\\laravel-api\\vendor\\laravel\\framework\\src\\Illuminate\\Routing\\Router.php(687): Illuminate\\Pipeline\\Pipeline->then()
#32 C:\\Users\\marzio\\Desktop\\BOOLEAN GITHUB\\laravel-api\\vendor\\laravel\\framework\\src\\Illuminate\\Routing\\Router.php(662): Illuminate\\Routing\\Router->runRouteWithinStack()
#33 C:\\Users\\marzio\\Desktop\\BOOLEAN GITHUB\\laravel-api\\vendor\\laravel\\framework\\src\\Illuminate\\Routing\\Router.php(628): Illuminate\\Routing\\Router->runRoute()
#34 C:\\Users\\marzio\\Desktop\\BOOLEAN GITHUB\\laravel-api\\vendor\\laravel\\framework\\src\\Illuminate\\Routing\\Router.php(617): Illuminate\\Routing\\Router->dispatchToRoute()
#35 C:\\Users\\marzio\\Desktop\\BOOLEAN GITHUB\\laravel-api\\vendor\\laravel\\framework\\src\\Illuminate\\Foundation\\Http\\Kernel.php(165): Illuminate\\Routing\\Router->dispatch()
#36 C:\\Users\\marzio\\Desktop\\BOOLEAN GITHUB\\laravel-api\\vendor\\laravel\\framework\\src\\Illuminate\\Pipeline\\Pipeline.php(128): Illuminate\\Foundation\\Http\\Kernel->Illuminate\\Foundation\\Http\\{closure}()
#37 C:\\Users\\marzio\\Desktop\\BOOLEAN GITHUB\\laravel-api\\vendor\\barryvdh\\laravel-debugbar\\src\\Middleware\\InjectDebugbar.php(67): Illuminate\\Pipeline\\Pipeline->Illuminate\\Pipeline\\{closure}()
#38 C:\\Users\\marzio\\Desktop\\BOOLEAN GITHUB\\laravel-api\\vendor\\laravel\\framework\\src\\Illuminate\\Pipeline\\Pipeline.php(167): Barryvdh\\Debugbar\\Middleware\\InjectDebugbar->handle()
#39 C:\\Users\\marzio\\Desktop\\BOOLEAN GITHUB\\laravel-api\\vendor\\laravel\\framework\\src\\Illuminate\\Foundation\\Http\\Middleware\\TransformsRequest.php(21): Illuminate\\Pipeline\\Pipeline->Illuminate\\Pipeline\\{closure}()
#40 C:\\Users\\marzio\\Desktop\\BOOLEAN GITHUB\\laravel-api\\vendor\\laravel\\framework\\src\\Illuminate\\Pipeline\\Pipeline.php(167): Illuminate\\Foundation\\Http\\Middleware\\TransformsRequest->handle()
#41 C:\\Users\\marzio\\Desktop\\BOOLEAN GITHUB\\laravel-api\\vendor\\laravel\\framework\\src\\Illuminate\\Foundation\\Http\\Middleware\\TransformsRequest.php(21): Illuminate\\Pipeline\\Pipeline->Illuminate\\Pipeline\\{closure}()
#42 C:\\Users\\marzio\\Desktop\\BOOLEAN GITHUB\\laravel-api\\vendor\\laravel\\framework\\src\\Illuminate\\Pipeline\\Pipeline.php(167): Illuminate\\Foundation\\Http\\Middleware\\TransformsRequest->handle()
#43 C:\\Users\\marzio\\Desktop\\BOOLEAN GITHUB\\laravel-api\\vendor\\laravel\\framework\\src\\Illuminate\\Foundation\\Http\\Middleware\\ValidatePostSize.php(27): Illuminate\\Pipeline\\Pipeline->Illuminate\\Pipeline\\{closure}()
#44 C:\\Users\\marzio\\Desktop\\BOOLEAN GITHUB\\laravel-api\\vendor\\laravel\\framework\\src\\Illuminate\\Pipeline\\Pipeline.php(167): Illuminate\\Foundation\\Http\\Middleware\\ValidatePostSize->handle()
#45 C:\\Users\\marzio\\Desktop\\BOOLEAN GITHUB\\laravel-api\\vendor\\laravel\\framework\\src\\Illuminate\\Foundation\\Http\\Middleware\\CheckForMaintenanceMode.php(63): Illuminate\\Pipeline\\Pipeline->Illuminate\\Pipeline\\{closure}()
#46 C:\\Users\\marzio\\Desktop\\BOOLEAN GITHUB\\laravel-api\\vendor\\laravel\\framework\\src\\Illuminate\\Pipeline\\Pipeline.php(167): Illuminate\\Foundation\\Http\\Middleware\\CheckForMaintenanceMode->handle()
#47 C:\\Users\\marzio\\Desktop\\BOOLEAN GITHUB\\laravel-api\\vendor\\fruitcake\\laravel-cors\\src\\HandleCors.php(38): Illuminate\\Pipeline\\Pipeline->Illuminate\\Pipeline\\{closure}()
#48 C:\\Users\\marzio\\Desktop\\BOOLEAN GITHUB\\laravel-api\\vendor\\laravel\\framework\\src\\Illuminate\\Pipeline\\Pipeline.php(167): Fruitcake\\Cors\\HandleCors->handle()
#49 C:\\Users\\marzio\\Desktop\\BOOLEAN GITHUB\\laravel-api\\vendor\\fideloper\\proxy\\src\\TrustProxies.php(57): Illuminate\\Pipeline\\Pipeline->Illuminate\\Pipeline\\{closure}()
#50 C:\\Users\\marzio\\Desktop\\BOOLEAN GITHUB\\laravel-api\\vendor\\laravel\\framework\\src\\Illuminate\\Pipeline\\Pipeline.php(167): Fideloper\\Proxy\\TrustProxies->handle()
#51 C:\\Users\\marzio\\Desktop\\BOOLEAN GITHUB\\laravel-api\\vendor\\laravel\\framework\\src\\Illuminate\\Pipeline\\Pipeline.php(103): Illuminate\\Pipeline\\Pipeline->Illuminate\\Pipeline\\{closure}()
#52 C:\\Users\\marzio\\Desktop\\BOOLEAN GITHUB\\laravel-api\\vendor\\laravel\\framework\\src\\Illuminate\\Foundation\\Http\\Kernel.php(140): Illuminate\\Pipeline\\Pipeline->then()
#53 C:\\Users\\marzio\\Desktop\\BOOLEAN GITHUB\\laravel-api\\vendor\\laravel\\framework\\src\\Illuminate\\Foundation\\Http\\Kernel.php(109): Illuminate\\Foundation\\Http\\Kernel->sendRequestThroughRouter()
#54 C:\\Users\\marzio\\Desktop\\BOOLEAN GITHUB\\laravel-api\\public\\index.php(55): Illuminate\\Foundation\\Http\\Kernel->handle()
#55 C:\\Users\\marzio\\Desktop\\BOOLEAN GITHUB\\laravel-api\\server.php(21): require_once('C:\\\\Users\\\\marzio...')
#56 {main}
"} 
